#
# A fatal error has been detected by the Java Runtime Environment:
#
#  EXCEPTION_ACCESS_VIOLATION (0xc0000005) at pc=0x00007ffd5d3ff74a, pid=19032, tid=24216
#
# JRE version: OpenJDK Runtime Environment (14.0.1+7) (build 14.0.1+7)
# Java VM: OpenJDK 64-Bit Server VM (14.0.1+7, mixed mode, sharing, tiered, compressed oops, g1 gc, windows-amd64)
# Problematic frame:
# C  [awt.dll+0x8f74a]
#
# No core dump will be written. Minidumps are not enabled by default on client versions of Windows
#
# If you would like to submit a bug report, please visit:
#   https://bugreport.java.com/bugreport/crash.jsp
# The crash happened outside the Java Virtual Machine in native code.
# See problematic frame for where to report the bug.
#

---------------  S U M M A R Y ------------

Command Line: -Dfile.encoding=UTF-8 --module-path=C:\Users\18t304\eclipse-workspace\object_school_love\bin -Djdk.module.main=object_school_love object_school_love/src.Main

Host: Intel(R) Core(TM) i5-7200U CPU @ 2.50GHz, 4 cores, 7G,  Windows 10 , 64 bit Build 18362 (10.0.18362.959)
Time: Thu Aug  6 16:44:46 2020 ???? (?W?€??) elapsed time: 1 seconds (0d 0h 0m 1s)

---------------  T H R E A D  ---------------

Current thread (0x0000028828eba800):  JavaThread "AWT-EventQueue-0" [_thread_in_native, id=24216, stack(0x0000009f56a00000,0x0000009f56b00000)]

Stack: [0x0000009f56a00000,0x0000009f56b00000],  sp=0x0000009f56afe150,  free space=1016k
Native frames: (J=compiled Java code, j=interpreted, Vv=VM code, C=native code)
C  [awt.dll+0x8f74a]

Java frames: (J=compiled Java code, j=interpreted, Vv=VM code)
j  sun.awt.windows.WComponentPeer._setFont(Ljava/awt/Font;)V+0 java.desktop@14.0.1
j  sun.awt.windows.WComponentPeer.setFont(Ljava/awt/Font;)V+7 java.desktop@14.0.1
j  sun.awt.windows.WWindowPeer.initialize()V+42 java.desktop@14.0.1
j  sun.awt.windows.WFramePeer.initialize()V+1 java.desktop@14.0.1
j  sun.awt.windows.WComponentPeer.<init>(Ljava/awt/Component;)V+83 java.desktop@14.0.1
j  sun.awt.windows.WCanvasPeer.<init>(Ljava/awt/Component;)V+2 java.desktop@14.0.1
j  sun.awt.windows.WPanelPeer.<init>(Ljava/awt/Component;)V+2 java.desktop@14.0.1
j  sun.awt.windows.WWindowPeer.<init>(Ljava/awt/Window;)V+2 java.desktop@14.0.1
j  sun.awt.windows.WFramePeer.<init>(Ljava/awt/Frame;)V+2 java.desktop@14.0.1
j  sun.awt.windows.WToolkit.createFrame(Ljava/awt/Frame;)Ljava/awt/peer/FramePeer;+5 java.desktop@14.0.1
j  java.awt.Frame.addNotify()V+20 java.desktop@14.0.1
j  java.awt.Window.show()V+8 java.desktop@14.0.1
j  java.awt.Component.show(Z)V+5 java.desktop@14.0.1
j  java.awt.Component.setVisible(Z)V+2 java.desktop@14.0.1
j  java.awt.Window.setVisible(Z)V+2 java.desktop@14.0.1
j  src.Main$1.run()V+10 object_school_love
j  java.awt.event.InvocationEvent.dispatch()V+47 java.desktop@14.0.1
j  java.awt.EventQueue.dispatchEventImpl(Ljava/awt/AWTEvent;Ljava/lang/Object;)V+21 java.desktop@14.0.1
j  java.awt.EventQueue$4.run()Ljava/lang/Void;+32 java.desktop@14.0.1
j  java.awt.EventQueue$4.run()Ljava/lang/Object;+1 java.desktop@14.0.1
j  java.security.AccessController.executePrivileged(Ljava/security/PrivilegedAction;Ljava/security/AccessControlContext;Ljava/lang/Class;)Ljava/lang/Object;+29 java.base@14.0.1
j  java.security.AccessController.doPrivileged(Ljava/security/PrivilegedAction;Ljava/security/AccessControlContext;)Ljava/lang/Object;+13 java.base@14.0.1
j  java.security.ProtectionDomain$JavaSecurityAccessImpl.doIntersectionPrivilege(Ljava/security/PrivilegedAction;Ljava/security/AccessControlContext;Ljava/security/AccessControlContext;)Ljava/lang/Object;+18 java.base@14.0.1
j  java.awt.EventQueue.dispatchEvent(Ljava/awt/AWTEvent;)V+46 java.desktop@14.0.1
j  java.awt.EventDispatchThread.pumpOneEventForFilters(I)V+78 java.desktop@14.0.1
j  java.awt.EventDispatchThread.pumpEventsForFilter(ILjava/awt/Conditional;Ljava/awt/EventFilter;)V+35 java.desktop@14.0.1
j  java.awt.EventDispatchThread.pumpEventsForHierarchy(ILjava/awt/Conditional;Ljava/awt/Component;)V+11 java.desktop@14.0.1
j  java.awt.EventDispatchThread.pumpEvents(ILjava/awt/Conditional;)V+4 java.desktop@14.0.1
j  java.awt.EventDispatchThread.pumpEvents(Ljava/awt/Conditional;)V+3 java.desktop@14.0.1
j  java.awt.EventDispatchThread.run()V+9 java.desktop@14.0.1
v  ~StubRoutines::call_stub

siginfo: EXCEPTION_ACCESS_VIOLATION (0xc0000005), reading address 0x0000000000000058


Register to memory mapping:

RIP=0x00007ffd5d3ff74a awt.dll
RAX=0x00007ffd5d47a660 awt.dll
RBX=0x0000028828ebab10 points into unknown readable memory: a0 1a 88 2c fd 7f 00 00
RCX=0x0000028829411c70 points into unknown readable memory: 60 a6 47 5d fd 7f 00 00
RDX=0x0 is NULL
RSP=0x0000009f56afe150 is pointing into the stack for thread: 0x0000028828eba800
RBP=0x0 is NULL
RSI=0x0000028829215088 is a global jni handle
RDI=0x0000028829215090 is a global jni handle
R8 =0x0000000000000042 is an unknown value
R9 =0x0000000800b61080 is a pointer to class: 
java.awt.Font {0x0000000800b61088}
R10=0x0000000000008000 is an unknown value
R11=0x0000009f56afe150 is pointing into the stack for thread: 0x0000028828eba800
R12=0x0 is NULL
R13={method} {0x00000288284e4318} '_setFont' '(Ljava/awt/Font;)V' in 'sun/awt/windows/WComponentPeer'
R14=0x0000028829411c70 points into unknown readable memory: 60 a6 47 5d fd 7f 00 00
R15=0x00000288294186c0 points into unknown readable memory: 88 50 21 29 88 02 00 00


Registers:
RAX=0x00007ffd5d47a660, RBX=0x0000028828ebab10, RCX=0x0000028829411c70, RDX=0x0000000000000000
RSP=0x0000009f56afe150, RBP=0x0000000000000000, RSI=0x0000028829215088, RDI=0x0000028829215090
R8 =0x0000000000000042, R9 =0x0000000800b61080, R10=0x0000000000008000, R11=0x0000009f56afe150
R12=0x0000000000000000, R13=0x00000288284e4310, R14=0x0000028829411c70, R15=0x00000288294186c0
RIP=0x00007ffd5d3ff74a, EFLAGS=0x0000000000010206

Top of Stack: (sp=0x0000009f56afe150)
0x0000009f56afe150:   00000288294186c0 0000028829411c70
0x0000009f56afe160:   00000288294186c0 0000028829411c70
0x0000009f56afe170:   0000028829215090 00007ffd5d404655
0x0000009f56afe180:   0000028828ebab10 0000028828ebab10
0x0000009f56afe190:   0000000000000000 0000028829215088
0x0000009f56afe1a0:   0000028828eba800 0000009f56afe2f8
0x0000009f56afe1b0:   00000288294186c0 00007ffd5d43d59b
0x0000009f56afe1c0:   00007ffd5d4bf018 0000009f56afe2d0
0x0000009f56afe1d0:   00007ffd5d404528 0000000000000000
0x0000009f56afe1e0:   fffffffffffffffe fffffffffffffffe
0x0000009f56afe1f0:   0000028829215088 00007ffd5d40581c
0x0000009f56afe200:   0000028829215090 0000009f56afe2f0
0x0000009f56afe210:   0000009f56afe2f0 00007ffd5d4bf018
0x0000009f56afe220:   fffffffffffffffe 00007ffd2c1f6c39
0x0000009f56afe230:   000002881227a1b3 00000288122800b4
0x0000009f56afe240:   00000288284e4310 00000000000001c0 

Instructions: (pc=0x00007ffd5d3ff74a)
0x00007ffd5d3ff64a:   00 48 8b d9 e8 d9 dc ff ff 48 8b f8 48 85 c0 75
0x00007ffd5d3ff65a:   04 48 8b 7b 48 48 8b cf e8 93 15 05 00 48 8b d8
0x00007ffd5d3ff66a:   48 85 c0 74 60 83 64 24 20 00 0f 57 c0 83 64 24
0x00007ffd5d3ff67a:   34 00 b9 11 00 00 00 83 64 24 38 00 f3 0f 7f 44
0x00007ffd5d3ff68a:   24 24 ff 15 86 bc 0b 00 4c 8d 44 24 40 ba 5c 00
0x00007ffd5d3ff69a:   00 00 48 8b c8 ff 15 2b bf 0b 00 83 f8 5c 75 0d
0x00007ffd5d3ff6aa:   48 8d 54 24 40 48 8b cb e8 f2 15 05 00 48 8d 54
0x00007ffd5d3ff6ba:   24 20 48 8b cb e8 09 16 05 00 48 8b d3 48 8b cf
0x00007ffd5d3ff6ca:   e8 b6 15 05 00 48 8b 8c 24 a0 00 00 00 48 33 cc
0x00007ffd5d3ff6da:   e8 e1 22 05 00 48 8b 9c 24 c8 00 00 00 48 81 c4
0x00007ffd5d3ff6ea:   b0 00 00 00 5f c3 40 53 48 83 ec 20 48 8b d9 ff
0x00007ffd5d3ff6fa:   15 69 c4 0b 00 48 85 c0 75 0a 48 8b 4b 48 ff 15
0x00007ffd5d3ff70a:   52 c4 0b 00 48 83 c4 20 5b c3 4c 63 c2 48 8b 15
0x00007ffd5d3ff71a:   2a a8 0b 00 48 ff 25 e3 c2 0b 00 cc cc cc 48 8b
0x00007ffd5d3ff72a:   d1 48 8b 0d 1e d8 0b 00 48 89 15 17 d8 0b 00 e9
0x00007ffd5d3ff73a:   f6 63 04 00 cc cc 48 89 5c 24 08 57 48 83 ec 20
0x00007ffd5d3ff74a:   83 7a 58 00 48 8b da 48 8b f9 7d 08 48 8b ca e8
0x00007ffd5d3ff75a:   4a 95 01 00 4c 8b 43 48 45 33 c9 48 8b 4f 48 4d
0x00007ffd5d3ff76a:   8b 00 41 8d 51 30 ff 15 5a c5 0b 00 48 8b 4f 48
0x00007ffd5d3ff77a:   33 d2 44 8d 42 01 48 8b 5c 24 30 48 83 c4 20 5f
0x00007ffd5d3ff78a:   48 ff 25 f7 c3 0b 00 cc cc cc 48 8b c4 48 89 58
0x00007ffd5d3ff79a:   08 48 89 68 10 48 89 70 18 48 89 78 20 41 56 48
0x00007ffd5d3ff7aa:   83 ec 20 4c 8b f2 48 8b f9 48 8b 0d 3e f6 0b 00
0x00007ffd5d3ff7ba:   ba 02 00 01 00 41 8b e8 e8 04 21 05 00 48 8b 97
0x00007ffd5d3ff7ca:   c0 00 00 00 33 db 48 8b f0 48 85 d2 74 0d 4c 8b
0x00007ffd5d3ff7da:   08 48 8b c8 41 ff 91 b0 00 00 00 4d 85 f6 74 14
0x00007ffd5d3ff7ea:   48 8b 06 49 8b d6 48 8b ce ff 90 a8 00 00 00 48
0x00007ffd5d3ff7fa:   8b d8 eb 05 bd 01 00 00 00 48 89 9f c0 00 00 00
0x00007ffd5d3ff80a:   89 af c8 00 00 00 48 8b 5c 24 30 48 8b 6c 24 38
0x00007ffd5d3ff81a:   48 8b 74 24 40 48 8b 7c 24 48 48 83 c4 20 41 5e
0x00007ffd5d3ff82a:   c3 cc 48 89 5c 24 08 48 89 6c 24 10 48 89 74 24
0x00007ffd5d3ff83a:   18 57 48 83 ec 20 33 db 48 8b f9 48 85 c9 75 09 


Stack slot to memory mapping:
stack at sp + 0 slots: 0x00000288294186c0 points into unknown readable memory: 88 50 21 29 88 02 00 00
stack at sp + 1 slots: 0x0000028829411c70 points into unknown readable memory: 60 a6 47 5d fd 7f 00 00
stack at sp + 2 slots: 0x00000288294186c0 points into unknown readable memory: 88 50 21 29 88 02 00 00
stack at sp + 3 slots: 0x0000028829411c70 points into unknown readable memory: 60 a6 47 5d fd 7f 00 00
stack at sp + 4 slots: 0x0000028829215090 is a global jni handle
stack at sp + 5 slots: 0x00007ffd5d404655 awt.dll
stack at sp + 6 slots: 0x0000028828ebab10 points into unknown readable memory: a0 1a 88 2c fd 7f 00 00
stack at sp + 7 slots: 0x0000028828ebab10 points into unknown readable memory: a0 1a 88 2c fd 7f 00 00


---------------  P R O C E S S  ---------------

Threads class SMR info:
_java_thread_list=0x000002882927ce40, length=17, elements={
0x000002882829d000, 0x00000288282a6800, 0x00000288282bd800, 0x00000288282be800,
0x00000288282bf800, 0x00000288282c2000, 0x0000028828b31000, 0x0000028828b4d800,
0x000002882827f800, 0x0000028828c84000, 0x0000028828d6d800, 0x0000028828d6e800,
0x0000028828d72000, 0x0000028828eba800, 0x0000028809adb800, 0x00000288291f5000,
0x0000028829406800
}

Java Threads: ( => current thread )
  0x000002882829d000 JavaThread "Reference Handler" daemon [_thread_blocked, id=12348, stack(0x0000009f55b00000,0x0000009f55c00000)]
  0x00000288282a6800 JavaThread "Finalizer" daemon [_thread_blocked, id=26996, stack(0x0000009f55c00000,0x0000009f55d00000)]
  0x00000288282bd800 JavaThread "Signal Dispatcher" daemon [_thread_blocked, id=24348, stack(0x0000009f55d00000,0x0000009f55e00000)]
  0x00000288282be800 JavaThread "Attach Listener" daemon [_thread_blocked, id=27936, stack(0x0000009f55e00000,0x0000009f55f00000)]
  0x00000288282bf800 JavaThread "Service Thread" daemon [_thread_blocked, id=24660, stack(0x0000009f55f00000,0x0000009f56000000)]
  0x00000288282c2000 JavaThread "C2 CompilerThread0" daemon [_thread_blocked, id=28992, stack(0x0000009f56000000,0x0000009f56100000)]
  0x0000028828b31000 JavaThread "C1 CompilerThread0" daemon [_thread_blocked, id=25036, stack(0x0000009f56100000,0x0000009f56200000)]
  0x0000028828b4d800 JavaThread "Sweeper thread" daemon [_thread_blocked, id=30308, stack(0x0000009f56200000,0x0000009f56300000)]
  0x000002882827f800 JavaThread "Common-Cleaner" daemon [_thread_blocked, id=21384, stack(0x0000009f56300000,0x0000009f56400000)]
  0x0000028828c84000 JavaThread "Notification Thread" daemon [_thread_blocked, id=11240, stack(0x0000009f56500000,0x0000009f56600000)]
  0x0000028828d6d800 JavaThread "Java2D Disposer" daemon [_thread_blocked, id=31508, stack(0x0000009f56700000,0x0000009f56800000)]
  0x0000028828d6e800 JavaThread "AWT-Shutdown" [_thread_blocked, id=27972, stack(0x0000009f56800000,0x0000009f56900000)]
  0x0000028828d72000 JavaThread "AWT-Windows" daemon [_thread_in_native, id=1072, stack(0x0000009f56900000,0x0000009f56a00000)]
=>0x0000028828eba800 JavaThread "AWT-EventQueue-0" [_thread_in_native, id=24216, stack(0x0000009f56a00000,0x0000009f56b00000)]
  0x0000028809adb800 JavaThread "DestroyJavaVM" [_thread_blocked, id=24524, stack(0x0000009f55400000,0x0000009f55500000)]
  0x00000288291f5000 JavaThread "Image Fetcher 0" daemon [_thread_blocked, id=21604, stack(0x0000009f56400000,0x0000009f56500000)]
  0x0000028829406800 JavaThread "TimerQueue" daemon [_thread_blocked, id=17720, stack(0x0000009f56b00000,0x0000009f56c00000)]

Other Threads:
  0x0000028828299800 VMThread "VM Thread" [stack: 0x0000009f55a00000,0x0000009f55b00000] [id=6480]
  0x0000028828cbc800 WatcherThread [stack: 0x0000009f56600000,0x0000009f56700000] [id=29896]
  0x0000028809b1b800 GCTaskThread "GC Thread#0" [stack: 0x0000009f55500000,0x0000009f55600000] [id=29036]
  0x0000028809b2e000 ConcurrentGCThread "G1 Main Marker" [stack: 0x0000009f55600000,0x0000009f55700000] [id=3244]
  0x0000028809b31000 ConcurrentGCThread "G1 Conc#0" [stack: 0x0000009f55700000,0x0000009f55800000] [id=26864]
  0x0000028828110800 ConcurrentGCThread "G1 Refine#0" [stack: 0x0000009f55800000,0x0000009f55900000] [id=24136]
  0x0000028828111800 ConcurrentGCThread "G1 Young RemSet Sampling" [stack: 0x0000009f55900000,0x0000009f55a00000] [id=23736]

Threads with active compile tasks:

VM state:not at safepoint (normal execution)

VM Mutex/Monitor currently owned by a thread: None

Heap address: 0x0000000081600000, size: 2026 MB, Compressed Oops mode: 32-bit
Narrow klass base: 0x0000000800000000, Narrow klass shift: 3
Compressed class space size: 1073741824 Address: 0x0000000800b30000

Heap:
 garbage-first heap   total 131072K, used 9216K [0x0000000081600000, 0x0000000100000000)
  region size 1024K, 10 young (10240K), 0 survivors (0K)
 Metaspace       used 8966K, capacity 9210K, committed 9472K, reserved 1056768K
  class space    used 1056K, capacity 1171K, committed 1280K, reserved 1048576K
Heap Regions: E=young(eden), S=young(survivor), O=old, HS=humongous(starts), HC=humongous(continues), CS=collection set, F=free, OA=open archive, CA=closed archive, TAMS=top-at-mark-start (previous, next)
|   0|0x0000000081600000, 0x0000000081600000, 0x0000000081700000|  0%| F|  |TAMS 0x0000000081600000, 0x0000000081600000| Untracked 
|   1|0x0000000081700000, 0x0000000081700000, 0x0000000081800000|  0%| F|  |TAMS 0x0000000081700000, 0x0000000081700000| Untracked 
|   2|0x0000000081800000, 0x0000000081800000, 0x0000000081900000|  0%| F|  |TAMS 0x0000000081800000, 0x0000000081800000| Untracked 
|   3|0x0000000081900000, 0x0000000081900000, 0x0000000081a00000|  0%| F|  |TAMS 0x0000000081900000, 0x0000000081900000| Untracked 
|   4|0x0000000081a00000, 0x0000000081a00000, 0x0000000081b00000|  0%| F|  |TAMS 0x0000000081a00000, 0x0000000081a00000| Untracked 
|   5|0x0000000081b00000, 0x0000000081b00000, 0x0000000081c00000|  0%| F|  |TAMS 0x0000000081b00000, 0x0000000081b00000| Untracked 
|   6|0x0000000081c00000, 0x0000000081c00000, 0x0000000081d00000|  0%| F|  |TAMS 0x0000000081c00000, 0x0000000081c00000| Untracked 
|   7|0x0000000081d00000, 0x0000000081d00000, 0x0000000081e00000|  0%| F|  |TAMS 0x0000000081d00000, 0x0000000081d00000| Untracked 
|   8|0x0000000081e00000, 0x0000000081e00000, 0x0000000081f00000|  0%| F|  |TAMS 0x0000000081e00000, 0x0000000081e00000| Untracked 
|   9|0x0000000081f00000, 0x0000000081f00000, 0x0000000082000000|  0%| F|  |TAMS 0x0000000081f00000, 0x0000000081f00000| Untracked 
|  10|0x0000000082000000, 0x0000000082000000, 0x0000000082100000|  0%| F|  |TAMS 0x0000000082000000, 0x0000000082000000| Untracked 
|  11|0x0000000082100000, 0x0000000082100000, 0x0000000082200000|  0%| F|  |TAMS 0x0000000082100000, 0x0000000082100000| Untracked 
|  12|0x0000000082200000, 0x0000000082200000, 0x0000000082300000|  0%| F|  |TAMS 0x0000000082200000, 0x0000000082200000| Untracked 
|  13|0x0000000082300000, 0x0000000082300000, 0x0000000082400000|  0%| F|  |TAMS 0x0000000082300000, 0x0000000082300000| Untracked 
|  14|0x0000000082400000, 0x0000000082400000, 0x0000000082500000|  0%| F|  |TAMS 0x0000000082400000, 0x0000000082400000| Untracked 
|  15|0x0000000082500000, 0x0000000082500000, 0x0000000082600000|  0%| F|  |TAMS 0x0000000082500000, 0x0000000082500000| Untracked 
|  16|0x0000000082600000, 0x0000000082600000, 0x0000000082700000|  0%| F|  |TAMS 0x0000000082600000, 0x0000000082600000| Untracked 
|  17|0x0000000082700000, 0x0000000082700000, 0x0000000082800000|  0%| F|  |TAMS 0x0000000082700000, 0x0000000082700000| Untracked 
|  18|0x0000000082800000, 0x0000000082800000, 0x0000000082900000|  0%| F|  |TAMS 0x0000000082800000, 0x0000000082800000| Untracked 
|  19|0x0000000082900000, 0x0000000082900000, 0x0000000082a00000|  0%| F|  |TAMS 0x0000000082900000, 0x0000000082900000| Untracked 
|  20|0x0000000082a00000, 0x0000000082a00000, 0x0000000082b00000|  0%| F|  |TAMS 0x0000000082a00000, 0x0000000082a00000| Untracked 
|  21|0x0000000082b00000, 0x0000000082b00000, 0x0000000082c00000|  0%| F|  |TAMS 0x0000000082b00000, 0x0000000082b00000| Untracked 
|  22|0x0000000082c00000, 0x0000000082c00000, 0x0000000082d00000|  0%| F|  |TAMS 0x0000000082c00000, 0x0000000082c00000| Untracked 
|  23|0x0000000082d00000, 0x0000000082d00000, 0x0000000082e00000|  0%| F|  |TAMS 0x0000000082d00000, 0x0000000082d00000| Untracked 
|  24|0x0000000082e00000, 0x0000000082e00000, 0x0000000082f00000|  0%| F|  |TAMS 0x0000000082e00000, 0x0000000082e00000| Untracked 
|  25|0x0000000082f00000, 0x0000000082f00000, 0x0000000083000000|  0%| F|  |TAMS 0x0000000082f00000, 0x0000000082f00000| Untracked 
|  26|0x0000000083000000, 0x0000000083000000, 0x0000000083100000|  0%| F|  |TAMS 0x0000000083000000, 0x0000000083000000| Untracked 
|  27|0x0000000083100000, 0x0000000083100000, 0x0000000083200000|  0%| F|  |TAMS 0x0000000083100000, 0x0000000083100000| Untracked 
|  28|0x0000000083200000, 0x0000000083200000, 0x0000000083300000|  0%| F|  |TAMS 0x0000000083200000, 0x0000000083200000| Untracked 
|  29|0x0000000083300000, 0x0000000083300000, 0x0000000083400000|  0%| F|  |TAMS 0x0000000083300000, 0x0000000083300000| Untracked 
|  30|0x0000000083400000, 0x0000000083400000, 0x0000000083500000|  0%| F|  |TAMS 0x0000000083400000, 0x0000000083400000| Untracked 
|  31|0x0000000083500000, 0x0000000083500000, 0x0000000083600000|  0%| F|  |TAMS 0x0000000083500000, 0x0000000083500000| Untracked 
|  32|0x0000000083600000, 0x0000000083600000, 0x0000000083700000|  0%| F|  |TAMS 0x0000000083600000, 0x0000000083600000| Untracked 
|  33|0x0000000083700000, 0x0000000083700000, 0x0000000083800000|  0%| F|  |TAMS 0x0000000083700000, 0x0000000083700000| Untracked 
|  34|0x0000000083800000, 0x0000000083800000, 0x0000000083900000|  0%| F|  |TAMS 0x0000000083800000, 0x0000000083800000| Untracked 
|  35|0x0000000083900000, 0x0000000083900000, 0x0000000083a00000|  0%| F|  |TAMS 0x0000000083900000, 0x0000000083900000| Untracked 
|  36|0x0000000083a00000, 0x0000000083a00000, 0x0000000083b00000|  0%| F|  |TAMS 0x0000000083a00000, 0x0000000083a00000| Untracked 
|  37|0x0000000083b00000, 0x0000000083b00000, 0x0000000083c00000|  0%| F|  |TAMS 0x0000000083b00000, 0x0000000083b00000| Untracked 
|  38|0x0000000083c00000, 0x0000000083c00000, 0x0000000083d00000|  0%| F|  |TAMS 0x0000000083c00000, 0x0000000083c00000| Untracked 
|  39|0x0000000083d00000, 0x0000000083d00000, 0x0000000083e00000|  0%| F|  |TAMS 0x0000000083d00000, 0x0000000083d00000| Untracked 
|  40|0x0000000083e00000, 0x0000000083e00000, 0x0000000083f00000|  0%| F|  |TAMS 0x0000000083e00000, 0x0000000083e00000| Untracked 
|  41|0x0000000083f00000, 0x0000000083f00000, 0x0000000084000000|  0%| F|  |TAMS 0x0000000083f00000, 0x0000000083f00000| Untracked 
|  42|0x0000000084000000, 0x0000000084000000, 0x0000000084100000|  0%| F|  |TAMS 0x0000000084000000, 0x0000000084000000| Untracked 
|  43|0x0000000084100000, 0x0000000084100000, 0x0000000084200000|  0%| F|  |TAMS 0x0000000084100000, 0x0000000084100000| Untracked 
|  44|0x0000000084200000, 0x0000000084200000, 0x0000000084300000|  0%| F|  |TAMS 0x0000000084200000, 0x0000000084200000| Untracked 
|  45|0x0000000084300000, 0x0000000084300000, 0x0000000084400000|  0%| F|  |TAMS 0x0000000084300000, 0x0000000084300000| Untracked 
|  46|0x0000000084400000, 0x0000000084400000, 0x0000000084500000|  0%| F|  |TAMS 0x0000000084400000, 0x0000000084400000| Untracked 
|  47|0x0000000084500000, 0x0000000084500000, 0x0000000084600000|  0%| F|  |TAMS 0x0000000084500000, 0x0000000084500000| Untracked 
|  48|0x0000000084600000, 0x0000000084600000, 0x0000000084700000|  0%| F|  |TAMS 0x0000000084600000, 0x0000000084600000| Untracked 
|  49|0x0000000084700000, 0x0000000084700000, 0x0000000084800000|  0%| F|  |TAMS 0x0000000084700000, 0x0000000084700000| Untracked 
|  50|0x0000000084800000, 0x0000000084800000, 0x0000000084900000|  0%| F|  |TAMS 0x0000000084800000, 0x0000000084800000| Untracked 
|  51|0x0000000084900000, 0x0000000084900000, 0x0000000084a00000|  0%| F|  |TAMS 0x0000000084900000, 0x0000000084900000| Untracked 
|  52|0x0000000084a00000, 0x0000000084a00000, 0x0000000084b00000|  0%| F|  |TAMS 0x0000000084a00000, 0x0000000084a00000| Untracked 
|  53|0x0000000084b00000, 0x0000000084b00000, 0x0000000084c00000|  0%| F|  |TAMS 0x0000000084b00000, 0x0000000084b00000| Untracked 
|  54|0x0000000084c00000, 0x0000000084c00000, 0x0000000084d00000|  0%| F|  |TAMS 0x0000000084c00000, 0x0000000084c00000| Untracked 
|  55|0x0000000084d00000, 0x0000000084d00000, 0x0000000084e00000|  0%| F|  |TAMS 0x0000000084d00000, 0x0000000084d00000| Untracked 
|  56|0x0000000084e00000, 0x0000000084e00000, 0x0000000084f00000|  0%| F|  |TAMS 0x0000000084e00000, 0x0000000084e00000| Untracked 
|  57|0x0000000084f00000, 0x0000000084f00000, 0x0000000085000000|  0%| F|  |TAMS 0x0000000084f00000, 0x0000000084f00000| Untracked 
|  58|0x0000000085000000, 0x0000000085000000, 0x0000000085100000|  0%| F|  |TAMS 0x0000000085000000, 0x0000000085000000| Untracked 
|  59|0x0000000085100000, 0x0000000085100000, 0x0000000085200000|  0%| F|  |TAMS 0x0000000085100000, 0x0000000085100000| Untracked 
|  60|0x0000000085200000, 0x0000000085200000, 0x0000000085300000|  0%| F|  |TAMS 0x0000000085200000, 0x0000000085200000| Untracked 
|  61|0x0000000085300000, 0x0000000085300000, 0x0000000085400000|  0%| F|  |TAMS 0x0000000085300000, 0x0000000085300000| Untracked 
|  62|0x0000000085400000, 0x0000000085400000, 0x0000000085500000|  0%| F|  |TAMS 0x0000000085400000, 0x0000000085400000| Untracked 
|  63|0x0000000085500000, 0x0000000085500000, 0x0000000085600000|  0%| F|  |TAMS 0x0000000085500000, 0x0000000085500000| Untracked 
|  64|0x0000000085600000, 0x0000000085600000, 0x0000000085700000|  0%| F|  |TAMS 0x0000000085600000, 0x0000000085600000| Untracked 
|  65|0x0000000085700000, 0x0000000085700000, 0x0000000085800000|  0%| F|  |TAMS 0x0000000085700000, 0x0000000085700000| Untracked 
|  66|0x0000000085800000, 0x0000000085800000, 0x0000000085900000|  0%| F|  |TAMS 0x0000000085800000, 0x0000000085800000| Untracked 
|  67|0x0000000085900000, 0x0000000085900000, 0x0000000085a00000|  0%| F|  |TAMS 0x0000000085900000, 0x0000000085900000| Untracked 
|  68|0x0000000085a00000, 0x0000000085a00000, 0x0000000085b00000|  0%| F|  |TAMS 0x0000000085a00000, 0x0000000085a00000| Untracked 
|  69|0x0000000085b00000, 0x0000000085b00000, 0x0000000085c00000|  0%| F|  |TAMS 0x0000000085b00000, 0x0000000085b00000| Untracked 
|  70|0x0000000085c00000, 0x0000000085c00000, 0x0000000085d00000|  0%| F|  |TAMS 0x0000000085c00000, 0x0000000085c00000| Untracked 
|  71|0x0000000085d00000, 0x0000000085d00000, 0x0000000085e00000|  0%| F|  |TAMS 0x0000000085d00000, 0x0000000085d00000| Untracked 
|  72|0x0000000085e00000, 0x0000000085e00000, 0x0000000085f00000|  0%| F|  |TAMS 0x0000000085e00000, 0x0000000085e00000| Untracked 
|  73|0x0000000085f00000, 0x0000000085f00000, 0x0000000086000000|  0%| F|  |TAMS 0x0000000085f00000, 0x0000000085f00000| Untracked 
|  74|0x0000000086000000, 0x0000000086000000, 0x0000000086100000|  0%| F|  |TAMS 0x0000000086000000, 0x0000000086000000| Untracked 
|  75|0x0000000086100000, 0x0000000086100000, 0x0000000086200000|  0%| F|  |TAMS 0x0000000086100000, 0x0000000086100000| Untracked 
|  76|0x0000000086200000, 0x0000000086200000, 0x0000000086300000|  0%| F|  |TAMS 0x0000000086200000, 0x0000000086200000| Untracked 
|  77|0x0000000086300000, 0x0000000086300000, 0x0000000086400000|  0%| F|  |TAMS 0x0000000086300000, 0x0000000086300000| Untracked 
|  78|0x0000000086400000, 0x0000000086400000, 0x0000000086500000|  0%| F|  |TAMS 0x0000000086400000, 0x0000000086400000| Untracked 
|  79|0x0000000086500000, 0x0000000086500000, 0x0000000086600000|  0%| F|  |TAMS 0x0000000086500000, 0x0000000086500000| Untracked 
|  80|0x0000000086600000, 0x0000000086600000, 0x0000000086700000|  0%| F|  |TAMS 0x0000000086600000, 0x0000000086600000| Untracked 
|  81|0x0000000086700000, 0x0000000086700000, 0x0000000086800000|  0%| F|  |TAMS 0x0000000086700000, 0x0000000086700000| Untracked 
|  82|0x0000000086800000, 0x0000000086800000, 0x0000000086900000|  0%| F|  |TAMS 0x0000000086800000, 0x0000000086800000| Untracked 
|  83|0x0000000086900000, 0x0000000086900000, 0x0000000086a00000|  0%| F|  |TAMS 0x0000000086900000, 0x0000000086900000| Untracked 
|  84|0x0000000086a00000, 0x0000000086a00000, 0x0000000086b00000|  0%| F|  |TAMS 0x0000000086a00000, 0x0000000086a00000| Untracked 
|  85|0x0000000086b00000, 0x0000000086b00000, 0x0000000086c00000|  0%| F|  |TAMS 0x0000000086b00000, 0x0000000086b00000| Untracked 
|  86|0x0000000086c00000, 0x0000000086c00000, 0x0000000086d00000|  0%| F|  |TAMS 0x0000000086c00000, 0x0000000086c00000| Untracked 
|  87|0x0000000086d00000, 0x0000000086d00000, 0x0000000086e00000|  0%| F|  |TAMS 0x0000000086d00000, 0x0000000086d00000| Untracked 
|  88|0x0000000086e00000, 0x0000000086e00000, 0x0000000086f00000|  0%| F|  |TAMS 0x0000000086e00000, 0x0000000086e00000| Untracked 
|  89|0x0000000086f00000, 0x0000000086f00000, 0x0000000087000000|  0%| F|  |TAMS 0x0000000086f00000, 0x0000000086f00000| Untracked 
|  90|0x0000000087000000, 0x0000000087000000, 0x0000000087100000|  0%| F|  |TAMS 0x0000000087000000, 0x0000000087000000| Untracked 
|  91|0x0000000087100000, 0x0000000087100000, 0x0000000087200000|  0%| F|  |TAMS 0x0000000087100000, 0x0000000087100000| Untracked 
|  92|0x0000000087200000, 0x0000000087200000, 0x0000000087300000|  0%| F|  |TAMS 0x0000000087200000, 0x0000000087200000| Untracked 
|  93|0x0000000087300000, 0x0000000087300000, 0x0000000087400000|  0%| F|  |TAMS 0x0000000087300000, 0x0000000087300000| Untracked 
|  94|0x0000000087400000, 0x0000000087400000, 0x0000000087500000|  0%| F|  |TAMS 0x0000000087400000, 0x0000000087400000| Untracked 
|  95|0x0000000087500000, 0x0000000087500000, 0x0000000087600000|  0%| F|  |TAMS 0x0000000087500000, 0x0000000087500000| Untracked 
|  96|0x0000000087600000, 0x0000000087600000, 0x0000000087700000|  0%| F|  |TAMS 0x0000000087600000, 0x0000000087600000| Untracked 
|  97|0x0000000087700000, 0x0000000087700000, 0x0000000087800000|  0%| F|  |TAMS 0x0000000087700000, 0x0000000087700000| Untracked 
|  98|0x0000000087800000, 0x0000000087800000, 0x0000000087900000|  0%| F|  |TAMS 0x0000000087800000, 0x0000000087800000| Untracked 
|  99|0x0000000087900000, 0x0000000087900000, 0x0000000087a00000|  0%| F|  |TAMS 0x0000000087900000, 0x0000000087900000| Untracked 
| 100|0x0000000087a00000, 0x0000000087a00000, 0x0000000087b00000|  0%| F|  |TAMS 0x0000000087a00000, 0x0000000087a00000| Untracked 
| 101|0x0000000087b00000, 0x0000000087b00000, 0x0000000087c00000|  0%| F|  |TAMS 0x0000000087b00000, 0x0000000087b00000| Untracked 
| 102|0x0000000087c00000, 0x0000000087c00000, 0x0000000087d00000|  0%| F|  |TAMS 0x0000000087c00000, 0x0000000087c00000| Untracked 
| 103|0x0000000087d00000, 0x0000000087d00000, 0x0000000087e00000|  0%| F|  |TAMS 0x0000000087d00000, 0x0000000087d00000| Untracked 
| 104|0x0000000087e00000, 0x0000000087e00000, 0x0000000087f00000|  0%| F|  |TAMS 0x0000000087e00000, 0x0000000087e00000| Untracked 
| 105|0x0000000087f00000, 0x0000000087f00000, 0x0000000088000000|  0%| F|  |TAMS 0x0000000087f00000, 0x0000000087f00000| Untracked 
| 106|0x0000000088000000, 0x0000000088000000, 0x0000000088100000|  0%| F|  |TAMS 0x0000000088000000, 0x0000000088000000| Untracked 
| 107|0x0000000088100000, 0x0000000088100000, 0x0000000088200000|  0%| F|  |TAMS 0x0000000088100000, 0x0000000088100000| Untracked 
| 108|0x0000000088200000, 0x0000000088200000, 0x0000000088300000|  0%| F|  |TAMS 0x0000000088200000, 0x0000000088200000| Untracked 
| 109|0x0000000088300000, 0x0000000088300000, 0x0000000088400000|  0%| F|  |TAMS 0x0000000088300000, 0x0000000088300000| Untracked 
| 110|0x0000000088400000, 0x0000000088400000, 0x0000000088500000|  0%| F|  |TAMS 0x0000000088400000, 0x0000000088400000| Untracked 
| 111|0x0000000088500000, 0x0000000088500000, 0x0000000088600000|  0%| F|  |TAMS 0x0000000088500000, 0x0000000088500000| Untracked 
| 112|0x0000000088600000, 0x0000000088600000, 0x0000000088700000|  0%| F|  |TAMS 0x0000000088600000, 0x0000000088600000| Untracked 
| 113|0x0000000088700000, 0x0000000088700000, 0x0000000088800000|  0%| F|  |TAMS 0x0000000088700000, 0x0000000088700000| Untracked 
| 114|0x0000000088800000, 0x0000000088800000, 0x0000000088900000|  0%| F|  |TAMS 0x0000000088800000, 0x0000000088800000| Untracked 
| 115|0x0000000088900000, 0x0000000088900000, 0x0000000088a00000|  0%| F|  |TAMS 0x0000000088900000, 0x0000000088900000| Untracked 
| 116|0x0000000088a00000, 0x0000000088a00000, 0x0000000088b00000|  0%| F|  |TAMS 0x0000000088a00000, 0x0000000088a00000| Untracked 
| 117|0x0000000088b00000, 0x0000000088b00000, 0x0000000088c00000|  0%| F|  |TAMS 0x0000000088b00000, 0x0000000088b00000| Untracked 
| 118|0x0000000088c00000, 0x0000000088c43120, 0x0000000088d00000| 26%| E|  |TAMS 0x0000000088c00000, 0x0000000088c00000| Complete 
| 119|0x0000000088d00000, 0x0000000088e00000, 0x0000000088e00000|100%| E|CS|TAMS 0x0000000088d00000, 0x0000000088d00000| Complete 
| 120|0x0000000088e00000, 0x0000000088f00000, 0x0000000088f00000|100%| E|CS|TAMS 0x0000000088e00000, 0x0000000088e00000| Complete 
| 121|0x0000000088f00000, 0x0000000089000000, 0x0000000089000000|100%| E|CS|TAMS 0x0000000088f00000, 0x0000000088f00000| Complete 
| 122|0x0000000089000000, 0x0000000089100000, 0x0000000089100000|100%| E|CS|TAMS 0x0000000089000000, 0x0000000089000000| Complete 
| 123|0x0000000089100000, 0x0000000089200000, 0x0000000089200000|100%| E|CS|TAMS 0x0000000089100000, 0x0000000089100000| Complete 
| 124|0x0000000089200000, 0x0000000089300000, 0x0000000089300000|100%| E|CS|TAMS 0x0000000089200000, 0x0000000089200000| Complete 
| 125|0x0000000089300000, 0x0000000089400000, 0x0000000089400000|100%| E|CS|TAMS 0x0000000089300000, 0x0000000089300000| Complete 
| 126|0x0000000089400000, 0x0000000089500000, 0x0000000089500000|100%| E|CS|TAMS 0x0000000089400000, 0x0000000089400000| Complete 
| 127|0x0000000089500000, 0x0000000089600000, 0x0000000089600000|100%| E|CS|TAMS 0x0000000089500000, 0x0000000089500000| Complete 

Card table byte_map: [0x0000028821670000,0x0000028821a70000] _byte_map_base: 0x0000028821265000

Marking Bits (Prev, Next): (CMBitMap*) 0x0000028809b1d208, (CMBitMap*) 0x0000028809b1d248
 Prev Bits: [0x0000028821e70000, 0x0000028823e18000)
 Next Bits: [0x0000028823e20000, 0x0000028825dc8000)

Polling page: 0x0000028807a70000

Metaspace:

Usage:
  Non-class:      7.85 MB capacity,     7.72 MB ( 98%) used,   104.17 KB (  1%) free+waste,    24.69 KB ( <1%) overhead. 
      Class:      1.14 MB capacity,     1.03 MB ( 90%) used,    98.41 KB (  8%) free+waste,    16.00 KB (  1%) overhead. 
       Both:      8.99 MB capacity,     8.76 MB ( 97%) used,   202.59 KB (  2%) free+waste,    40.69 KB ( <1%) overhead. 

Virtual space:
  Non-class space:        8.00 MB reserved,       8.00 MB (100%) committed 
      Class space:        1.00 GB reserved,       1.25 MB ( <1%) committed 
             Both:        1.01 GB reserved,       9.25 MB ( <1%) committed 

Chunk freelists:
   Non-Class:  25.00 KB
       Class:  13.00 KB
        Both:  38.00 KB

MaxMetaspaceSize: 17179869184.00 GB
CompressedClassSpaceSize: 1.00 GB

CodeHeap 'non-profiled nmethods': size=120000Kb used=267Kb max_used=267Kb free=119732Kb
 bounds [0x0000028819d40000, 0x0000028819fb0000, 0x0000028821270000]
CodeHeap 'profiled nmethods': size=120000Kb used=1560Kb max_used=1560Kb free=118439Kb
 bounds [0x0000028812810000, 0x0000028812a80000, 0x0000028819d40000]
CodeHeap 'non-nmethods': size=5760Kb used=1291Kb max_used=1305Kb free=4468Kb
 bounds [0x0000028812270000, 0x00000288124e0000, 0x0000028812810000]
 total_blobs=1935 nmethods=930 adapters=496
 compilation: enabled
              stopped_count=0, restarted_count=0
 full_count=0

Compilation events (20 events):
Event: 1.732 Thread 0x0000028828b31000 nmethod 916 0x0000028812990890 code [0x0000028812990a40, 0x0000028812990b68]
Event: 1.732 Thread 0x0000028828b31000  917       1       sun.java2d.loops.SurfaceType::getSuperType (5 bytes)
Event: 1.732 Thread 0x0000028828b31000 nmethod 917 0x0000028819d81d90 code [0x0000028819d81f20, 0x0000028819d81ff8]
Event: 1.738 Thread 0x0000028828b31000  920       3       java.lang.invoke.BoundMethodHandle::bindArgumentL (11 bytes)
Event: 1.738 Thread 0x0000028828b31000 nmethod 920 0x0000028812990c10 code [0x0000028812990e00, 0x0000028812991318]
Event: 1.739 Thread 0x0000028828b31000  921       3       java.lang.invoke.LambdaFormEditor::bindArgumentL (59 bytes)
Event: 1.739 Thread 0x0000028828b31000 nmethod 921 0x0000028812991510 code [0x00000288129916e0, 0x00000288129919a8]
Event: 1.740 Thread 0x0000028828b31000  922       3       java.util.Properties::getProperty (50 bytes)
Event: 1.741 Thread 0x0000028828b31000 nmethod 922 0x0000028812991b10 code [0x0000028812991ce0, 0x0000028812992238]
Event: 1.742 Thread 0x0000028828b31000  923       3       jdk.internal.org.objectweb.asm.MethodWriter::visitTypeInsn (116 bytes)
Event: 1.743 Thread 0x0000028828b31000 nmethod 923 0x0000028812992390 code [0x0000028812992580, 0x0000028812992988]
Event: 1.744 Thread 0x0000028828b31000  924       3       jdk.internal.org.objectweb.asm.Type::getTypeInternal (199 bytes)
Event: 1.745 Thread 0x0000028828b31000 nmethod 924 0x0000028812992b90 code [0x0000028812992e00, 0x0000028812993be8]
Event: 1.745 Thread 0x0000028828b31000  925       3       jdk.internal.org.objectweb.asm.Type::getDescriptor (90 bytes)
Event: 1.746 Thread 0x0000028828b31000 nmethod 925 0x0000028812994010 code [0x0000028812994280, 0x0000028812994bf8]
Event: 1.746 Thread 0x0000028828b31000  927       3       java.lang.invoke.LambdaFormBuffer::ownedCount (7 bytes)
Event: 1.747 Thread 0x0000028828b31000 nmethod 927 0x0000028812994f10 code [0x00000288129950a0, 0x00000288129951b8]
Event: 1.747 Thread 0x0000028828b31000  926       3       jdk.internal.org.objectweb.asm.MethodWriter::visitAbstractType (8 bytes)
Event: 1.747 Thread 0x0000028828b31000 nmethod 926 0x0000028812995290 code [0x0000028812995420, 0x0000028812995578]
Event: 1.747 Thread 0x0000028828b31000  928       3       jdk.internal.org.objectweb.asm.Label::resolve (219 bytes)

GC Heap History (0 events):
No events

Deoptimization events (20 events):
Event: 0.949 Thread 0x0000028828eba800 Uncommon trap: trap_request=0xffffffde fr.pc=0x0000028819d54c3c relative=0x000000000000083c
Event: 0.949 Thread 0x0000028828eba800 Uncommon trap: reason=class_check action=maybe_recompile pc=0x0000028819d54c3c method=java.util.HashMap.putVal(ILjava/lang/Object;Ljava/lang/Object;ZZ)Ljava/lang/Object; @ 152 c2
Event: 0.949 Thread 0x0000028828eba800 DEOPT PACKING pc=0x0000028819d54c3c sp=0x0000009f56afe080
Event: 0.949 Thread 0x0000028828eba800 DEOPT UNPACKING pc=0x00000288122b912f sp=0x0000009f56afe000 mode 2
Event: 1.122 Thread 0x0000028828eba800 Uncommon trap: trap_request=0xffffff45 fr.pc=0x0000028819d6c830 relative=0x00000000000009b0
Event: 1.122 Thread 0x0000028828eba800 Uncommon trap: reason=unstable_if action=reinterpret pc=0x0000028819d6c830 method=java.util.HashMap.putVal(ILjava/lang/Object;Ljava/lang/Object;ZZ)Ljava/lang/Object; @ 181 c2
Event: 1.122 Thread 0x0000028828eba800 DEOPT PACKING pc=0x0000028819d6c830 sp=0x0000009f56afd200
Event: 1.122 Thread 0x0000028828eba800 DEOPT UNPACKING pc=0x00000288122b912f sp=0x0000009f56afd1a0 mode 2
Event: 1.636 Thread 0x0000028828eba800 Uncommon trap: trap_request=0xffffffde fr.pc=0x0000028819d7cc50 relative=0x0000000000000330
Event: 1.636 Thread 0x0000028828eba800 Uncommon trap: reason=class_check action=maybe_recompile pc=0x0000028819d7cc50 method=java.util.HashMap.getNode(ILjava/lang/Object;)Ljava/util/HashMap$Node; @ 59 c2
Event: 1.636 Thread 0x0000028828eba800 DEOPT PACKING pc=0x0000028819d7cc50 sp=0x0000009f56afe050
Event: 1.637 Thread 0x0000028828eba800 DEOPT UNPACKING pc=0x00000288122b912f sp=0x0000009f56afdfc8 mode 2
Event: 1.637 Thread 0x0000028828eba800 Uncommon trap: trap_request=0xffffffde fr.pc=0x0000028819d7cc50 relative=0x0000000000000330
Event: 1.637 Thread 0x0000028828eba800 Uncommon trap: reason=class_check action=maybe_recompile pc=0x0000028819d7cc50 method=java.util.HashMap.getNode(ILjava/lang/Object;)Ljava/util/HashMap$Node; @ 59 c2
Event: 1.637 Thread 0x0000028828eba800 DEOPT PACKING pc=0x0000028819d7cc50 sp=0x0000009f56afe050
Event: 1.637 Thread 0x0000028828eba800 DEOPT UNPACKING pc=0x00000288122b912f sp=0x0000009f56afdfc8 mode 2
Event: 1.637 Thread 0x0000028828eba800 Uncommon trap: trap_request=0xffffffde fr.pc=0x0000028819d7cc50 relative=0x0000000000000330
Event: 1.637 Thread 0x0000028828eba800 Uncommon trap: reason=class_check action=maybe_recompile pc=0x0000028819d7cc50 method=java.util.HashMap.getNode(ILjava/lang/Object;)Ljava/util/HashMap$Node; @ 59 c2
Event: 1.637 Thread 0x0000028828eba800 DEOPT PACKING pc=0x0000028819d7cc50 sp=0x0000009f56afe050
Event: 1.637 Thread 0x0000028828eba800 DEOPT UNPACKING pc=0x00000288122b912f sp=0x0000009f56afdfc8 mode 2

Classes unloaded (0 events):
No events

Classes redefined (0 events):
No events

Internal exceptions (20 events):
Event: 0.527 Thread 0x0000028809adb800 Exception <a 'java/lang/NoSuchMethodError'{0x00000000894a3f28}: 'void java.lang.invoke.DirectMethodHandle$Holder.invokeSpecial(java.lang.Object, java.lang.Object, java.lang.Object, java.lang.Object)'> (0x00000000894a3f28) 
thrown [./open/src/hotspot/share/interpreter/linkResolver.cpp, line 766]
Event: 0.571 Thread 0x0000028809adb800 Exception <a 'java/lang/ClassNotFoundException'{0x0000000089323a08}: sun/awt/resources/spi/awtProvider> (0x0000000089323a08) 
thrown [./open/src/hotspot/share/classfile/systemDictionary.cpp, line 226]
Event: 0.625 Thread 0x0000028809adb800 Exception <a 'java/io/FileNotFoundException'{0x0000000089374838}> (0x0000000089374838) 
thrown [./open/src/hotspot/share/prims/jni.cpp, line 599]
Event: 0.643 Thread 0x0000028809adb800 Exception <a 'java/io/FileNotFoundException'{0x000000008939b128}> (0x000000008939b128) 
thrown [./open/src/hotspot/share/prims/jni.cpp, line 599]
Event: 0.659 Thread 0x0000028809adb800 Exception <a 'sun/nio/fs/WindowsException'{0x00000000893a9310}> (0x00000000893a9310) 
thrown [./open/src/hotspot/share/prims/jni.cpp, line 599]
Event: 0.782 Thread 0x0000028828d72000 Exception <a 'java/lang/NoSuchMethodError'{0x0000000089204f20}: 'void java.lang.invoke.DirectMethodHandle$Holder.invokeSpecial(java.lang.Object, java.lang.Object)'> (0x0000000089204f20) 
thrown [./open/src/hotspot/share/interpreter/linkResolver.cpp, line 766]
Event: 0.890 Thread 0x0000028828eba800 Exception <a 'java/lang/NoSuchMethodError'{0x0000000089112b68}: 'java.lang.Object java.lang.invoke.DirectMethodHandle$Holder.invokeStatic(java.lang.Object, int, java.lang.Object, java.lang.Object, java.lang.Object, java.lang.Object)'> (0x0000000089112b68) 
thrown [./open/src/hotspot/share/interpreter/linkResolver.cpp, line 766]
Event: 0.891 Thread 0x0000028828eba800 Exception <a 'java/lang/NoSuchMethodError'{0x0000000089119488}: 'java.lang.Object java.lang.invoke.DirectMethodHandle$Holder.invokeStatic(java.lang.Object, int, java.lang.Object, java.lang.Object, java.lang.Object)'> (0x0000000089119488) 
thrown [./open/src/hotspot/share/interpreter/linkResolver.cpp, line 766]
Event: 0.892 Thread 0x0000028828eba800 Exception <a 'java/lang/NoSuchMethodError'{0x000000008911ccd8}: 'java.lang.Object java.lang.invoke.DirectMethodHandle$Holder.invokeSpecial(java.lang.Object, java.lang.Object, int, java.lang.Object, java.lang.Object, java.lang.Object)'> (0x000000008911ccd8) 
thrown [./open/src/hotspot/share/interpreter/linkResolver.cpp, line 766]
Event: 0.898 Thread 0x0000028828eba800 Exception <a 'java/lang/NoSuchMethodError'{0x0000000089133080}: 'java.lang.Object java.lang.invoke.DirectMethodHandle$Holder.invokeStatic(java.lang.Object, int, java.lang.Object)'> (0x0000000089133080) 
thrown [./open/src/hotspot/share/interpreter/linkResolver.cpp, line 766]
Event: 0.947 Thread 0x0000028828eba800 Exception <a 'java/lang/ClassNotFoundException'{0x00000000891d7290}: com/sun/swing/internal/plaf/metal/resources/spi/metalProvider> (0x00000000891d7290) 
thrown [./open/src/hotspot/share/classfile/systemDictionary.cpp, line 226]
Event: 0.949 Thread 0x0000028828eba800 Exception <a 'java/lang/ClassNotFoundException'{0x00000000891dbf00}: com/sun/swing/internal/plaf/basic/resources/spi/basicProvider> (0x00000000891dbf00) 
thrown [./open/src/hotspot/share/classfile/systemDictionary.cpp, line 226]
Event: 1.131 Thread 0x0000028828eba800 Exception <a 'java/lang/NoSuchMethodError'{0x0000000088fae8b8}: 'java.lang.Object java.lang.invoke.DirectMethodHandle$Holder.invokeStaticInit(java.lang.Object, int, int, int, int)'> (0x0000000088fae8b8) 
thrown [./open/src/hotspot/share/interpreter/linkResolver.cpp, line 766]
Event: 1.413 Thread 0x0000028828eba800 Exception <a 'java/lang/NoSuchMethodError'{0x0000000088fea978}: 'java.lang.Object java.lang.invoke.DirectMethodHandle$Holder.invokeStaticInit(java.lang.Object, java.lang.Object, int, int, int, int)'> (0x0000000088fea978) 
thrown [./open/src/hotspot/share/interpreter/linkResolver.cpp, line 766]
Event: 1.421 Thread 0x0000028828eba800 Exception <a 'java/lang/NullPointerException'{0x0000000088ff3638}> (0x0000000088ff3638) 
thrown [./open/src/hotspot/share/interpreter/linkResolver.cpp, line 1348]
Event: 1.450 Thread 0x0000028828eba800 Exception <a 'java/io/FileNotFoundException'{0x0000000088e041c8}> (0x0000000088e041c8) 
thrown [./open/src/hotspot/share/prims/jni.cpp, line 599]
Event: 1.450 Thread 0x0000028828eba800 Exception <a 'java/lang/NullPointerException'{0x0000000088e04ab8}> (0x0000000088e04ab8) 
thrown [./open/src/hotspot/share/interpreter/linkResolver.cpp, line 1348]
Event: 1.534 Thread 0x0000028828eba800 Exception <a 'java/lang/NoSuchMethodError'{0x0000000088e64f20}: static Lsrc/Score;.<clinit>()V> (0x0000000088e64f20) 
thrown [./open/src/hotspot/share/prims/jni.cpp, line 1348]
Event: 1.735 Thread 0x0000028828eba800 Exception <a 'java/lang/NoSuchMethodError'{0x0000000088dda7a0}: 'void java.lang.invoke.DirectMethodHandle$Holder.invokeStaticInit(java.lang.Object)'> (0x0000000088dda7a0) 
thrown [./open/src/hotspot/share/interpreter/linkResolver.cpp, line 766]
Event: 1.747 Thread 0x0000028828eba800 Exception <a 'java/lang/NoSuchMethodError'{0x0000000088c054f8}: 'java.lang.Object java.lang.invoke.Invokers$Holder.linkToTargetMethod(java.lang.Object, int, java.lang.Object)'> (0x0000000088c054f8) 
thrown [./open/src/hotspot/share/interpreter/linkResolver.cpp, line 766]

Events (20 events):
Event: 1.739 loading class sun/awt/AWTCharset done
Event: 1.739 loading class sun/awt/windows/WDefaultFontCharset done
Event: 1.739 loading class sun/awt/windows/WDefaultFontCharset$Encoder
Event: 1.739 loading class sun/awt/AWTCharset$Encoder
Event: 1.739 loading class sun/awt/AWTCharset$Encoder done
Event: 1.739 loading class sun/awt/windows/WDefaultFontCharset$Encoder done
Event: 1.741 loading class sun/awt/windows/WingDings
Event: 1.741 loading class sun/awt/windows/WingDings done
Event: 1.741 loading class sun/awt/windows/WingDings$Encoder
Event: 1.741 loading class sun/awt/windows/WingDings$Encoder done
Event: 1.741 loading class sun/awt/Symbol
Event: 1.742 loading class sun/awt/Symbol done
Event: 1.742 loading class sun/awt/Symbol$Encoder
Event: 1.742 loading class sun/awt/Symbol$Encoder done
Event: 1.742 Executing VM operation: HandshakeOneThread
Event: 1.742 Executing VM operation: HandshakeOneThread done
Event: 1.742 Executing VM operation: HandshakeOneThread
Event: 1.742 Executing VM operation: HandshakeOneThread done
Event: 1.747 Executing VM operation: HandshakeOneThread
Event: 1.747 Executing VM operation: HandshakeOneThread done


Dynamic libraries:
0x00007ff7a0f80000 - 0x00007ff7a0f8d000 	C:\Program Files\Java\jdk-14.0.1\bin\javaw.exe
0x00007ffda54e0000 - 0x00007ffda56d0000 	C:\WINDOWS\SYSTEM32\ntdll.dll
0x00007ffda3850000 - 0x00007ffda3902000 	C:\WINDOWS\System32\KERNEL32.DLL
0x00007ffda2460000 - 0x00007ffda2704000 	C:\WINDOWS\System32\KERNELBASE.dll
0x00007ffda2fb0000 - 0x00007ffda30aa000 	C:\WINDOWS\System32\ucrtbase.dll
0x00007ffd79240000 - 0x00007ffd79255000 	C:\Program Files\Java\jdk-14.0.1\bin\VCRUNTIME140.dll
0x00007ffd7bc10000 - 0x00007ffd7bc28000 	C:\Program Files\Java\jdk-14.0.1\bin\jli.dll
0x00007ffda42e0000 - 0x00007ffda4474000 	C:\WINDOWS\System32\USER32.dll
0x00007ffda2710000 - 0x00007ffda2731000 	C:\WINDOWS\System32\win32u.dll
0x00007ffda52d0000 - 0x00007ffda52f6000 	C:\WINDOWS\System32\GDI32.dll
0x00007ffd8ab30000 - 0x00007ffd8adb4000 	C:\WINDOWS\WinSxS\amd64_microsoft.windows.common-controls_6595b64144ccf1df_6.0.18362.959_none_e6c7bbbf130c62bb\COMCTL32.dll
0x00007ffda33c0000 - 0x00007ffda3556000 	C:\WINDOWS\System32\gdi32full.dll
0x00007ffda5160000 - 0x00007ffda51fe000 	C:\WINDOWS\System32\msvcrt.dll
0x00007ffda31b0000 - 0x00007ffda324e000 	C:\WINDOWS\System32\msvcp_win.dll
0x00007ffda3910000 - 0x00007ffda3c45000 	C:\WINDOWS\System32\combase.dll
0x00007ffda3e80000 - 0x00007ffda3fa0000 	C:\WINDOWS\System32\RPCRT4.dll
0x00007ffda2740000 - 0x00007ffda27c0000 	C:\WINDOWS\System32\bcryptPrimitives.dll
0x00007ffda41e0000 - 0x00007ffda420e000 	C:\WINDOWS\System32\IMM32.DLL
0x00007ffd6cf80000 - 0x00007ffd6d01b000 	C:\Program Files\Java\jdk-14.0.1\bin\msvcp140.dll
0x00007ffd2bec0000 - 0x00007ffd2c9de000 	C:\Program Files\Java\jdk-14.0.1\bin\server\jvm.dll
0x00007ffda3fa0000 - 0x00007ffda4043000 	C:\WINDOWS\System32\ADVAPI32.dll
0x00007ffda5310000 - 0x00007ffda53a7000 	C:\WINDOWS\System32\sechost.dll
0x00007ffda5300000 - 0x00007ffda5308000 	C:\WINDOWS\System32\PSAPI.DLL
0x00007ffd8dd00000 - 0x00007ffd8dd09000 	C:\WINDOWS\SYSTEM32\WSOCK32.dll
0x00007ffda4950000 - 0x00007ffda49bf000 	C:\WINDOWS\System32\WS2_32.dll
0x00007ffd9fd00000 - 0x00007ffd9fd24000 	C:\WINDOWS\SYSTEM32\WINMM.dll
0x00007ffd98570000 - 0x00007ffd9857a000 	C:\WINDOWS\SYSTEM32\VERSION.dll
0x00007ffd9f960000 - 0x00007ffd9f98d000 	C:\WINDOWS\SYSTEM32\winmmbase.dll
0x00007ffda30b0000 - 0x00007ffda30fa000 	C:\WINDOWS\System32\cfgmgr32.dll
0x00007ffda23a0000 - 0x00007ffda23b1000 	C:\WINDOWS\System32\kernel.appcore.dll
0x00007ffd9b540000 - 0x00007ffd9b54a000 	C:\Program Files\Java\jdk-14.0.1\bin\jimage.dll
0x00007ffda0c70000 - 0x00007ffda0e64000 	C:\WINDOWS\SYSTEM32\DBGHELP.DLL
0x00007ffd96230000 - 0x00007ffd9625a000 	C:\WINDOWS\SYSTEM32\dbgcore.DLL
0x00007ffd91c40000 - 0x00007ffd91c65000 	C:\Program Files\Java\jdk-14.0.1\bin\java.dll
0x00007ffd96110000 - 0x00007ffd96126000 	C:\Program Files\Java\jdk-14.0.1\bin\zip.dll
0x00007ffda49c0000 - 0x00007ffda50a6000 	C:\WINDOWS\System32\SHELL32.dll
0x00007ffda50b0000 - 0x00007ffda5159000 	C:\WINDOWS\System32\shcore.dll
0x00007ffda27c0000 - 0x00007ffda2f42000 	C:\WINDOWS\System32\windows.storage.dll
0x00007ffda2430000 - 0x00007ffda2453000 	C:\WINDOWS\System32\profapi.dll
0x00007ffda23c0000 - 0x00007ffda240a000 	C:\WINDOWS\System32\powrprof.dll
0x00007ffda2390000 - 0x00007ffda23a0000 	C:\WINDOWS\System32\UMPDC.dll
0x00007ffda5440000 - 0x00007ffda5492000 	C:\WINDOWS\System32\shlwapi.dll
0x00007ffda3250000 - 0x00007ffda3267000 	C:\WINDOWS\System32\cryptsp.dll
0x00007ffd8ba60000 - 0x00007ffd8ba79000 	C:\Program Files\Java\jdk-14.0.1\bin\net.dll
0x00007ffd90cf0000 - 0x00007ffd90de0000 	C:\WINDOWS\SYSTEM32\WINHTTP.dll
0x00007ffda1c00000 - 0x00007ffda1c67000 	C:\WINDOWS\system32\mswsock.dll
0x00007ffd88eb0000 - 0x00007ffd88ec2000 	C:\Program Files\Java\jdk-14.0.1\bin\nio.dll
0x00007ffd5d370000 - 0x00007ffd5d507000 	C:\Program Files\Java\jdk-14.0.1\bin\awt.dll
0x00007ffda5200000 - 0x00007ffda52c5000 	C:\WINDOWS\System32\OLEAUT32.dll
0x00007ffd9ff30000 - 0x00007ffd9ffbf000 	C:\WINDOWS\SYSTEM32\apphelp.dll
0x00007ffda0030000 - 0x00007ffda00c9000 	C:\WINDOWS\system32\uxtheme.dll
0x00007ffda3590000 - 0x00007ffda36c5000 	C:\WINDOWS\System32\MSCTF.dll
0x00007ffda36f0000 - 0x00007ffda3847000 	C:\WINDOWS\System32\ole32.dll
0x00007ffda0460000 - 0x00007ffda048d000 	C:\WINDOWS\system32\DWMAPI.DLL
0x00007ffd7dec0000 - 0x00007ffd7e016000 	C:\WINDOWS\system32\opengl32.dll
0x00007ffd7e700000 - 0x00007ffd7e72c000 	C:\WINDOWS\SYSTEM32\GLU32.dll
0x00007ffda1000000 - 0x00007ffda1020000 	C:\WINDOWS\SYSTEM32\dxcore.dll
0x00007ffda1710000 - 0x00007ffda1743000 	C:\WINDOWS\system32\rsaenh.dll
0x00007ffda3560000 - 0x00007ffda3586000 	C:\WINDOWS\System32\bcrypt.dll
0x00007ffda22b0000 - 0x00007ffda22d5000 	C:\WINDOWS\SYSTEM32\USERENV.dll
0x00007ffda1dd0000 - 0x00007ffda1ddc000 	C:\WINDOWS\SYSTEM32\CRYPTBASE.dll
0x00007ffda18b0000 - 0x00007ffda18ea000 	C:\WINDOWS\SYSTEM32\IPHLPAPI.DLL
0x00007ffda53b0000 - 0x00007ffda53b8000 	C:\WINDOWS\System32\NSI.dll
0x00007ffd96210000 - 0x00007ffd96226000 	C:\WINDOWS\SYSTEM32\dhcpcsvc6.DLL
0x00007ffd96a80000 - 0x00007ffd96a9c000 	C:\WINDOWS\SYSTEM32\dhcpcsvc.DLL
0x00007ffda18f0000 - 0x00007ffda19bb000 	C:\WINDOWS\SYSTEM32\DNSAPI.dll
0x00007ffd75590000 - 0x00007ffd75612000 	C:\Program Files\Java\jdk-14.0.1\bin\freetype.dll
0x00007ffd6ede0000 - 0x00007ffd6ee86000 	C:\Program Files\Java\jdk-14.0.1\bin\fontmanager.dll

dbghelp: loaded successfully - version: 4.0.5 - missing functions: none
symbol engine: initialized successfully - sym options: 0x614 - pdb path: .;C:\Program Files\Java\jdk-14.0.1\bin;C:\WINDOWS\SYSTEM32;C:\WINDOWS\WinSxS\amd64_microsoft.windows.common-controls_6595b64144ccf1df_6.0.18362.959_none_e6c7bbbf130c62bb;C:\Program Files\Java\jdk-14.0.1\bin\server

VM Arguments:
jvm_args: -Dfile.encoding=UTF-8 --module-path=C:\Users\18t304\eclipse-workspace\object_school_love\bin -Djdk.module.main=object_school_love 
java_command: object_school_love/src.Main
java_class_path (initial): <not set>
Launcher Type: SUN_STANDARD

[Global flags]
     intx CICompilerCount                          = 3                                         {product} {ergonomic}
     uint ConcGCThreads                            = 1                                         {product} {ergonomic}
     uint G1ConcRefinementThreads                  = 4                                         {product} {ergonomic}
   size_t G1HeapRegionSize                         = 1048576                                   {product} {ergonomic}
    uintx GCDrainStackTargetSize                   = 64                                        {product} {ergonomic}
   size_t InitialHeapSize                          = 134217728                                 {product} {ergonomic}
   size_t MarkStackSize                            = 4194304                                   {product} {ergonomic}
   size_t MaxHeapSize                              = 2124414976                                {product} {ergonomic}
   size_t MaxNewSize                               = 1274019840                                {product} {ergonomic}
   size_t MinHeapDeltaBytes                        = 1048576                                   {product} {ergonomic}
   size_t MinHeapSize                              = 8388608                                   {product} {ergonomic}
    uintx NonNMethodCodeHeapSize                   = 5832780                                {pd product} {ergonomic}
    uintx NonProfiledCodeHeapSize                  = 122912730                              {pd product} {ergonomic}
    uintx ProfiledCodeHeapSize                     = 122912730                              {pd product} {ergonomic}
    uintx ReservedCodeCacheSize                    = 251658240                              {pd product} {ergonomic}
     bool SegmentedCodeCache                       = true                                      {product} {ergonomic}
   size_t SoftMaxHeapSize                          = 2124414976                             {manageable} {ergonomic}
     bool UseCompressedClassPointers               = true                                 {lp64_product} {ergonomic}
     bool UseCompressedOops                        = true                                 {lp64_product} {ergonomic}
     bool UseG1GC                                  = true                                      {product} {ergonomic}
     bool UseLargePagesIndividualAllocation        = false                                  {pd product} {ergonomic}

Logging:
Log output configuration:
 #0: stdout all=warning uptime,level,tags
 #1: stderr all=off uptime,level,tags

Environment Variables:
JAVA_HOME=C:\Program Files\Java\jdk-14.0.1
PATH=C:/Program Files/Java/jdk-14.0.1/bin/server;C:/Program Files/Java/jdk-14.0.1/bin;C:\Program Files (x86)\Intel\iCLS Client\;C:\Program Files\Intel\iCLS Client\;C:\WINDOWS\system32;C:\WINDOWS;C:\WINDOWS\System32\Wbem;C:\WINDOWS\System32\WindowsPowerShell\v1.0\;C:\Program Files (x86)\Intel\Intel(R) Management Engine Components\DAL;C:\Program Files\Intel\Intel(R) Management Engine Components\DAL;C:\Program Files (x86)\Intel\Intel(R) Management Engine Components\IPT;C:\Program Files\Intel\Intel(R) Management Engine Components\IPT;c:\Program Files (x86)\Symantec\VIP Access Client\;C:\Program Files\Intel\WiFi\bin\;C:\Program Files\Common Files\Intel\WirelessCommon\;C:\WINDOWS\System32\OpenSSH\;C:\Program Files\dotnet\;C:\Program Files\nodejs\;C:\Program Files\Java\jdk-14.0.1\bin;C:\Gradle\gradle-6.3\bin;C:\Program Files\Git\cmd;C:\Users\18t304\AppData\Local\Programs\Python\Python37\Scripts\;C:\Users\18t304\AppData\Local\Programs\Python\Python37\;C:\Users\18t304\AppData\Local\Microsoft\WindowsApps;C:\Users\18t304\AppData\Local\Programs\Microsoft VS Code\bin;C:\Users\18t304\AppData\Roaming\npm;C:\Users\18t304\AppData\Local\atom\bin;C:\Program Files\ffmpeg-20200802-b48397e-win64-static\bin;;C:\eclipse;
USERNAME=18t304
OS=Windows_NT
PROCESSOR_IDENTIFIER=Intel64 Family 6 Model 142 Stepping 9, GenuineIntel



---------------  S Y S T E M  ---------------

OS: Windows 10 , 64 bit Build 18362 (10.0.18362.959)
OS uptime: 3 days 15:22 hours

CPU:total 4 (initial active 4) (2 cores per cpu, 2 threads per core) family 6 model 142 stepping 9, cmov, cx8, fxsr, mmx, sse, sse2, sse3, ssse3, sse4.1, sse4.2, popcnt, avx, avx2, aes, clmul, erms, 3dnowpref, lzcnt, ht, tsc, tscinvbit, bmi1, bmi2, adx, fma

Memory: 4k page, system-wide physical 8100M (1472M free)
TotalPageFile size 17316M (AvailPageFile size 7427M)
current process WorkingSet (physical memory assigned to process): 60M, peak: 60M
current process commit charge ("private bytes"): 216M, peak: 216M

vm_info: OpenJDK 64-Bit Server VM (14.0.1+7) for windows-amd64 JRE (14.0.1+7), built on Mar  5 2020 10:30:04 by "mach5one" with MS VC++ 15.9 (VS2017)

END.
