#
# A fatal error has been detected by the Java Runtime Environment:
#
#  EXCEPTION_ACCESS_VIOLATION (0xc0000005) at pc=0x00007ffd5d5bf74a, pid=24900, tid=30532
#
# JRE version: OpenJDK Runtime Environment (14.0.1+7) (build 14.0.1+7)
# Java VM: OpenJDK 64-Bit Server VM (14.0.1+7, mixed mode, sharing, tiered, compressed oops, g1 gc, windows-amd64)
# Problematic frame:
# C  [awt.dll+0x8f74a]
#
# No core dump will be written. Minidumps are not enabled by default on client versions of Windows
#
# If you would like to submit a bug report, please visit:
#   https://bugreport.java.com/bugreport/crash.jsp
# The crash happened outside the Java Virtual Machine in native code.
# See problematic frame for where to report the bug.
#

---------------  S U M M A R Y ------------

Command Line: -Dfile.encoding=UTF-8 --module-path=C:\Users\18t304\eclipse-workspace\object_school_love\bin -Djdk.module.main=object_school_love object_school_love/src.Main

Host: Intel(R) Core(TM) i5-7200U CPU @ 2.50GHz, 4 cores, 7G,  Windows 10 , 64 bit Build 18362 (10.0.18362.959)
Time: Thu Aug  6 16:50:51 2020 ???? (?W?€??) elapsed time: 1 seconds (0d 0h 0m 1s)

---------------  T H R E A D  ---------------

Current thread (0x0000026b9fb74800):  JavaThread "AWT-EventQueue-0" [_thread_in_native, id=30532, stack(0x000000910b300000,0x000000910b400000)]

Stack: [0x000000910b300000,0x000000910b400000],  sp=0x000000910b3fe420,  free space=1017k
Native frames: (J=compiled Java code, j=interpreted, Vv=VM code, C=native code)
C  [awt.dll+0x8f74a]

Java frames: (J=compiled Java code, j=interpreted, Vv=VM code)
j  sun.awt.windows.WComponentPeer._setFont(Ljava/awt/Font;)V+0 java.desktop@14.0.1
j  sun.awt.windows.WComponentPeer.setFont(Ljava/awt/Font;)V+7 java.desktop@14.0.1
j  sun.awt.windows.WWindowPeer.initialize()V+42 java.desktop@14.0.1
j  sun.awt.windows.WFramePeer.initialize()V+1 java.desktop@14.0.1
j  sun.awt.windows.WComponentPeer.<init>(Ljava/awt/Component;)V+83 java.desktop@14.0.1
j  sun.awt.windows.WCanvasPeer.<init>(Ljava/awt/Component;)V+2 java.desktop@14.0.1
j  sun.awt.windows.WPanelPeer.<init>(Ljava/awt/Component;)V+2 java.desktop@14.0.1
j  sun.awt.windows.WWindowPeer.<init>(Ljava/awt/Window;)V+2 java.desktop@14.0.1
j  sun.awt.windows.WFramePeer.<init>(Ljava/awt/Frame;)V+2 java.desktop@14.0.1
j  sun.awt.windows.WToolkit.createFrame(Ljava/awt/Frame;)Ljava/awt/peer/FramePeer;+5 java.desktop@14.0.1
j  java.awt.Frame.addNotify()V+20 java.desktop@14.0.1
j  java.awt.Window.show()V+8 java.desktop@14.0.1
j  java.awt.Component.show(Z)V+5 java.desktop@14.0.1
j  java.awt.Component.setVisible(Z)V+2 java.desktop@14.0.1
j  java.awt.Window.setVisible(Z)V+2 java.desktop@14.0.1
j  src.Main$1.run()V+10 object_school_love
j  java.awt.event.InvocationEvent.dispatch()V+47 java.desktop@14.0.1
j  java.awt.EventQueue.dispatchEventImpl(Ljava/awt/AWTEvent;Ljava/lang/Object;)V+21 java.desktop@14.0.1
j  java.awt.EventQueue$4.run()Ljava/lang/Void;+32 java.desktop@14.0.1
j  java.awt.EventQueue$4.run()Ljava/lang/Object;+1 java.desktop@14.0.1
j  java.security.AccessController.executePrivileged(Ljava/security/PrivilegedAction;Ljava/security/AccessControlContext;Ljava/lang/Class;)Ljava/lang/Object;+29 java.base@14.0.1
j  java.security.AccessController.doPrivileged(Ljava/security/PrivilegedAction;Ljava/security/AccessControlContext;)Ljava/lang/Object;+13 java.base@14.0.1
j  java.security.ProtectionDomain$JavaSecurityAccessImpl.doIntersectionPrivilege(Ljava/security/PrivilegedAction;Ljava/security/AccessControlContext;Ljava/security/AccessControlContext;)Ljava/lang/Object;+18 java.base@14.0.1
j  java.awt.EventQueue.dispatchEvent(Ljava/awt/AWTEvent;)V+46 java.desktop@14.0.1
j  java.awt.EventDispatchThread.pumpOneEventForFilters(I)V+78 java.desktop@14.0.1
j  java.awt.EventDispatchThread.pumpEventsForFilter(ILjava/awt/Conditional;Ljava/awt/EventFilter;)V+35 java.desktop@14.0.1
j  java.awt.EventDispatchThread.pumpEventsForHierarchy(ILjava/awt/Conditional;Ljava/awt/Component;)V+11 java.desktop@14.0.1
j  java.awt.EventDispatchThread.pumpEvents(ILjava/awt/Conditional;)V+4 java.desktop@14.0.1
j  java.awt.EventDispatchThread.pumpEvents(Ljava/awt/Conditional;)V+3 java.desktop@14.0.1
j  java.awt.EventDispatchThread.run()V+9 java.desktop@14.0.1
v  ~StubRoutines::call_stub

siginfo: EXCEPTION_ACCESS_VIOLATION (0xc0000005), reading address 0x0000000000000058


Register to memory mapping:

RIP=0x00007ffd5d5bf74a awt.dll
RAX=0x00007ffd5d63a660 awt.dll
RBX=0x0000026b9fb74b10 points into unknown readable memory: a0 1a 88 2c fd 7f 00 00
RCX=0x0000026ba00aecf0 points into unknown readable memory: 60 a6 63 5d fd 7f 00 00
RDX=0x0 is NULL
RSP=0x000000910b3fe420 is pointing into the stack for thread: 0x0000026b9fb74800
RBP=0x0 is NULL
RSI=0x0000026b9fedd2c8 is a global jni handle
RDI=0x0000026b9fedd2d0 is a global jni handle
R8 =0x0000000000000042 is an unknown value
R9 =0x0000000800b61080 is a pointer to class: 
java.awt.Font {0x0000000800b61088}
R10=0x0000000000008000 is an unknown value
R11=0x000000910b3fe420 is pointing into the stack for thread: 0x0000026b9fb74800
R12=0x0 is NULL
R13={method} {0x0000026b9f0e2a18} '_setFont' '(Ljava/awt/Font;)V' in 'sun/awt/windows/WComponentPeer'
R14=0x0000026ba00aecf0 points into unknown readable memory: 60 a6 63 5d fd 7f 00 00
R15=0x0000026ba00e1f70 points into unknown readable memory: c8 d2 ed 9f 6b 02 00 00


Registers:
RAX=0x00007ffd5d63a660, RBX=0x0000026b9fb74b10, RCX=0x0000026ba00aecf0, RDX=0x0000000000000000
RSP=0x000000910b3fe420, RBP=0x0000000000000000, RSI=0x0000026b9fedd2c8, RDI=0x0000026b9fedd2d0
R8 =0x0000000000000042, R9 =0x0000000800b61080, R10=0x0000000000008000, R11=0x000000910b3fe420
R12=0x0000000000000000, R13=0x0000026b9f0e2a10, R14=0x0000026ba00aecf0, R15=0x0000026ba00e1f70
RIP=0x00007ffd5d5bf74a, EFLAGS=0x0000000000010202

Top of Stack: (sp=0x000000910b3fe420)
0x000000910b3fe420:   0000026ba00e1f70 0000026ba00aecf0
0x000000910b3fe430:   0000026ba00e1f70 0000026ba00aecf0
0x000000910b3fe440:   0000026b9fedd2d0 00007ffd5d5c4655
0x000000910b3fe450:   0000026b9fb74b10 0000026b9fb74b10
0x000000910b3fe460:   0000000000000000 0000026b9fedd2c8
0x000000910b3fe470:   0000026b9fb74800 000000910b3fe5c8
0x000000910b3fe480:   0000026ba00e1f70 00007ffd5d5fd59b
0x000000910b3fe490:   00007ffd5d67f018 000000910b3fe5a0
0x000000910b3fe4a0:   00007ffd5d5c4528 0000000000000000
0x000000910b3fe4b0:   fffffffffffffffe fffffffffffffffe
0x000000910b3fe4c0:   0000026b9fedd2c8 00007ffd5d5c581c
0x000000910b3fe4d0:   0000026b9fedd2d0 000000910b3fe5c0
0x000000910b3fe4e0:   000000910b3fe5c0 00007ffd5d67f018
0x000000910b3fe4f0:   fffffffffffffffe 00007ffd2c1f6c39
0x000000910b3fe500:   0000026b886ea1b3 0000026b886f00b4
0x000000910b3fe510:   0000026b9f0e2a10 00000000000001c0 

Instructions: (pc=0x00007ffd5d5bf74a)
0x00007ffd5d5bf64a:   00 48 8b d9 e8 d9 dc ff ff 48 8b f8 48 85 c0 75
0x00007ffd5d5bf65a:   04 48 8b 7b 48 48 8b cf e8 93 15 05 00 48 8b d8
0x00007ffd5d5bf66a:   48 85 c0 74 60 83 64 24 20 00 0f 57 c0 83 64 24
0x00007ffd5d5bf67a:   34 00 b9 11 00 00 00 83 64 24 38 00 f3 0f 7f 44
0x00007ffd5d5bf68a:   24 24 ff 15 86 bc 0b 00 4c 8d 44 24 40 ba 5c 00
0x00007ffd5d5bf69a:   00 00 48 8b c8 ff 15 2b bf 0b 00 83 f8 5c 75 0d
0x00007ffd5d5bf6aa:   48 8d 54 24 40 48 8b cb e8 f2 15 05 00 48 8d 54
0x00007ffd5d5bf6ba:   24 20 48 8b cb e8 09 16 05 00 48 8b d3 48 8b cf
0x00007ffd5d5bf6ca:   e8 b6 15 05 00 48 8b 8c 24 a0 00 00 00 48 33 cc
0x00007ffd5d5bf6da:   e8 e1 22 05 00 48 8b 9c 24 c8 00 00 00 48 81 c4
0x00007ffd5d5bf6ea:   b0 00 00 00 5f c3 40 53 48 83 ec 20 48 8b d9 ff
0x00007ffd5d5bf6fa:   15 69 c4 0b 00 48 85 c0 75 0a 48 8b 4b 48 ff 15
0x00007ffd5d5bf70a:   52 c4 0b 00 48 83 c4 20 5b c3 4c 63 c2 48 8b 15
0x00007ffd5d5bf71a:   2a a8 0b 00 48 ff 25 e3 c2 0b 00 cc cc cc 48 8b
0x00007ffd5d5bf72a:   d1 48 8b 0d 1e d8 0b 00 48 89 15 17 d8 0b 00 e9
0x00007ffd5d5bf73a:   f6 63 04 00 cc cc 48 89 5c 24 08 57 48 83 ec 20
0x00007ffd5d5bf74a:   83 7a 58 00 48 8b da 48 8b f9 7d 08 48 8b ca e8
0x00007ffd5d5bf75a:   4a 95 01 00 4c 8b 43 48 45 33 c9 48 8b 4f 48 4d
0x00007ffd5d5bf76a:   8b 00 41 8d 51 30 ff 15 5a c5 0b 00 48 8b 4f 48
0x00007ffd5d5bf77a:   33 d2 44 8d 42 01 48 8b 5c 24 30 48 83 c4 20 5f
0x00007ffd5d5bf78a:   48 ff 25 f7 c3 0b 00 cc cc cc 48 8b c4 48 89 58
0x00007ffd5d5bf79a:   08 48 89 68 10 48 89 70 18 48 89 78 20 41 56 48
0x00007ffd5d5bf7aa:   83 ec 20 4c 8b f2 48 8b f9 48 8b 0d 3e f6 0b 00
0x00007ffd5d5bf7ba:   ba 02 00 01 00 41 8b e8 e8 04 21 05 00 48 8b 97
0x00007ffd5d5bf7ca:   c0 00 00 00 33 db 48 8b f0 48 85 d2 74 0d 4c 8b
0x00007ffd5d5bf7da:   08 48 8b c8 41 ff 91 b0 00 00 00 4d 85 f6 74 14
0x00007ffd5d5bf7ea:   48 8b 06 49 8b d6 48 8b ce ff 90 a8 00 00 00 48
0x00007ffd5d5bf7fa:   8b d8 eb 05 bd 01 00 00 00 48 89 9f c0 00 00 00
0x00007ffd5d5bf80a:   89 af c8 00 00 00 48 8b 5c 24 30 48 8b 6c 24 38
0x00007ffd5d5bf81a:   48 8b 74 24 40 48 8b 7c 24 48 48 83 c4 20 41 5e
0x00007ffd5d5bf82a:   c3 cc 48 89 5c 24 08 48 89 6c 24 10 48 89 74 24
0x00007ffd5d5bf83a:   18 57 48 83 ec 20 33 db 48 8b f9 48 85 c9 75 09 


Stack slot to memory mapping:
stack at sp + 0 slots: 0x0000026ba00e1f70 points into unknown readable memory: c8 d2 ed 9f 6b 02 00 00
stack at sp + 1 slots: 0x0000026ba00aecf0 points into unknown readable memory: 60 a6 63 5d fd 7f 00 00
stack at sp + 2 slots: 0x0000026ba00e1f70 points into unknown readable memory: c8 d2 ed 9f 6b 02 00 00
stack at sp + 3 slots: 0x0000026ba00aecf0 points into unknown readable memory: 60 a6 63 5d fd 7f 00 00
stack at sp + 4 slots: 0x0000026b9fedd2d0 is a global jni handle
stack at sp + 5 slots: 0x00007ffd5d5c4655 awt.dll
stack at sp + 6 slots: 0x0000026b9fb74b10 points into unknown readable memory: a0 1a 88 2c fd 7f 00 00
stack at sp + 7 slots: 0x0000026b9fb74b10 points into unknown readable memory: a0 1a 88 2c fd 7f 00 00


---------------  P R O C E S S  ---------------

Threads class SMR info:
_java_thread_list=0x0000026b9ff255b0, length=17, elements={
0x0000026b9eea8000, 0x0000026b9eeb1000, 0x0000026b9eebf000, 0x0000026b9eec2000,
0x0000026b9eec4000, 0x0000026b9eec7000, 0x0000026b9f7ec800, 0x0000026b9f807800,
0x0000026b9ee88000, 0x0000026b9f90e800, 0x0000026b9fae5800, 0x0000026b9fb22800,
0x0000026b9fb23800, 0x0000026b9fb74800, 0x0000026bfb4cd000, 0x0000026b9feb1800,
0x0000026ba00b1000
}

Java Threads: ( => current thread )
  0x0000026b9eea8000 JavaThread "Reference Handler" daemon [_thread_blocked, id=24796, stack(0x000000910a500000,0x000000910a600000)]
  0x0000026b9eeb1000 JavaThread "Finalizer" daemon [_thread_blocked, id=14856, stack(0x000000910a600000,0x000000910a700000)]
  0x0000026b9eebf000 JavaThread "Signal Dispatcher" daemon [_thread_blocked, id=3184, stack(0x000000910a700000,0x000000910a800000)]
  0x0000026b9eec2000 JavaThread "Attach Listener" daemon [_thread_blocked, id=13284, stack(0x000000910a800000,0x000000910a900000)]
  0x0000026b9eec4000 JavaThread "Service Thread" daemon [_thread_blocked, id=29684, stack(0x000000910a900000,0x000000910aa00000)]
  0x0000026b9eec7000 JavaThread "C2 CompilerThread0" daemon [_thread_blocked, id=21024, stack(0x000000910aa00000,0x000000910ab00000)]
  0x0000026b9f7ec800 JavaThread "C1 CompilerThread0" daemon [_thread_blocked, id=29204, stack(0x000000910ab00000,0x000000910ac00000)]
  0x0000026b9f807800 JavaThread "Sweeper thread" daemon [_thread_blocked, id=29152, stack(0x000000910ac00000,0x000000910ad00000)]
  0x0000026b9ee88000 JavaThread "Common-Cleaner" daemon [_thread_blocked, id=23104, stack(0x000000910ad00000,0x000000910ae00000)]
  0x0000026b9f90e800 JavaThread "Notification Thread" daemon [_thread_blocked, id=5228, stack(0x000000910ae00000,0x000000910af00000)]
  0x0000026b9fae5800 JavaThread "Java2D Disposer" daemon [_thread_blocked, id=14620, stack(0x000000910b000000,0x000000910b100000)]
  0x0000026b9fb22800 JavaThread "AWT-Shutdown" [_thread_blocked, id=11344, stack(0x000000910b100000,0x000000910b200000)]
  0x0000026b9fb23800 JavaThread "AWT-Windows" daemon [_thread_in_native, id=28340, stack(0x000000910b200000,0x000000910b300000)]
=>0x0000026b9fb74800 JavaThread "AWT-EventQueue-0" [_thread_in_native, id=30532, stack(0x000000910b300000,0x000000910b400000)]
  0x0000026bfb4cd000 JavaThread "DestroyJavaVM" [_thread_blocked, id=27096, stack(0x0000009109e00000,0x0000009109f00000)]
  0x0000026b9feb1800 JavaThread "Image Fetcher 0" daemon [_thread_blocked, id=21156, stack(0x000000910b400000,0x000000910b500000)]
  0x0000026ba00b1000 JavaThread "TimerQueue" daemon [_thread_blocked, id=6160, stack(0x000000910b500000,0x000000910b600000)]

Other Threads:
  0x0000026b9ee9f000 VMThread "VM Thread" [stack: 0x000000910a400000,0x000000910a500000] [id=22384]
  0x0000026b9f94f800 WatcherThread [stack: 0x000000910af00000,0x000000910b000000] [id=368]
  0x0000026bfb50f800 GCTaskThread "GC Thread#0" [stack: 0x0000009109f00000,0x000000910a000000] [id=15464]
  0x0000026bfb523800 ConcurrentGCThread "G1 Main Marker" [stack: 0x000000910a000000,0x000000910a100000] [id=29892]
  0x0000026bfb525800 ConcurrentGCThread "G1 Conc#0" [stack: 0x000000910a100000,0x000000910a200000] [id=24164]
  0x0000026b9ed10800 ConcurrentGCThread "G1 Refine#0" [stack: 0x000000910a200000,0x000000910a300000] [id=30448]
  0x0000026b9ed11800 ConcurrentGCThread "G1 Young RemSet Sampling" [stack: 0x000000910a300000,0x000000910a400000] [id=9644]

Threads with active compile tasks:

VM state:not at safepoint (normal execution)

VM Mutex/Monitor currently owned by a thread: None

Heap address: 0x0000000081600000, size: 2026 MB, Compressed Oops mode: 32-bit
Narrow klass base: 0x0000000800000000, Narrow klass shift: 3
Compressed class space size: 1073741824 Address: 0x0000000800b30000

Heap:
 garbage-first heap   total 131072K, used 8192K [0x0000000081600000, 0x0000000100000000)
  region size 1024K, 10 young (10240K), 0 survivors (0K)
 Metaspace       used 8971K, capacity 9226K, committed 9472K, reserved 1056768K
  class space    used 1056K, capacity 1171K, committed 1280K, reserved 1048576K
Heap Regions: E=young(eden), S=young(survivor), O=old, HS=humongous(starts), HC=humongous(continues), CS=collection set, F=free, OA=open archive, CA=closed archive, TAMS=top-at-mark-start (previous, next)
|   0|0x0000000081600000, 0x0000000081600000, 0x0000000081700000|  0%| F|  |TAMS 0x0000000081600000, 0x0000000081600000| Untracked 
|   1|0x0000000081700000, 0x0000000081700000, 0x0000000081800000|  0%| F|  |TAMS 0x0000000081700000, 0x0000000081700000| Untracked 
|   2|0x0000000081800000, 0x0000000081800000, 0x0000000081900000|  0%| F|  |TAMS 0x0000000081800000, 0x0000000081800000| Untracked 
|   3|0x0000000081900000, 0x0000000081900000, 0x0000000081a00000|  0%| F|  |TAMS 0x0000000081900000, 0x0000000081900000| Untracked 
|   4|0x0000000081a00000, 0x0000000081a00000, 0x0000000081b00000|  0%| F|  |TAMS 0x0000000081a00000, 0x0000000081a00000| Untracked 
|   5|0x0000000081b00000, 0x0000000081b00000, 0x0000000081c00000|  0%| F|  |TAMS 0x0000000081b00000, 0x0000000081b00000| Untracked 
|   6|0x0000000081c00000, 0x0000000081c00000, 0x0000000081d00000|  0%| F|  |TAMS 0x0000000081c00000, 0x0000000081c00000| Untracked 
|   7|0x0000000081d00000, 0x0000000081d00000, 0x0000000081e00000|  0%| F|  |TAMS 0x0000000081d00000, 0x0000000081d00000| Untracked 
|   8|0x0000000081e00000, 0x0000000081e00000, 0x0000000081f00000|  0%| F|  |TAMS 0x0000000081e00000, 0x0000000081e00000| Untracked 
|   9|0x0000000081f00000, 0x0000000081f00000, 0x0000000082000000|  0%| F|  |TAMS 0x0000000081f00000, 0x0000000081f00000| Untracked 
|  10|0x0000000082000000, 0x0000000082000000, 0x0000000082100000|  0%| F|  |TAMS 0x0000000082000000, 0x0000000082000000| Untracked 
|  11|0x0000000082100000, 0x0000000082100000, 0x0000000082200000|  0%| F|  |TAMS 0x0000000082100000, 0x0000000082100000| Untracked 
|  12|0x0000000082200000, 0x0000000082200000, 0x0000000082300000|  0%| F|  |TAMS 0x0000000082200000, 0x0000000082200000| Untracked 
|  13|0x0000000082300000, 0x0000000082300000, 0x0000000082400000|  0%| F|  |TAMS 0x0000000082300000, 0x0000000082300000| Untracked 
|  14|0x0000000082400000, 0x0000000082400000, 0x0000000082500000|  0%| F|  |TAMS 0x0000000082400000, 0x0000000082400000| Untracked 
|  15|0x0000000082500000, 0x0000000082500000, 0x0000000082600000|  0%| F|  |TAMS 0x0000000082500000, 0x0000000082500000| Untracked 
|  16|0x0000000082600000, 0x0000000082600000, 0x0000000082700000|  0%| F|  |TAMS 0x0000000082600000, 0x0000000082600000| Untracked 
|  17|0x0000000082700000, 0x0000000082700000, 0x0000000082800000|  0%| F|  |TAMS 0x0000000082700000, 0x0000000082700000| Untracked 
|  18|0x0000000082800000, 0x0000000082800000, 0x0000000082900000|  0%| F|  |TAMS 0x0000000082800000, 0x0000000082800000| Untracked 
|  19|0x0000000082900000, 0x0000000082900000, 0x0000000082a00000|  0%| F|  |TAMS 0x0000000082900000, 0x0000000082900000| Untracked 
|  20|0x0000000082a00000, 0x0000000082a00000, 0x0000000082b00000|  0%| F|  |TAMS 0x0000000082a00000, 0x0000000082a00000| Untracked 
|  21|0x0000000082b00000, 0x0000000082b00000, 0x0000000082c00000|  0%| F|  |TAMS 0x0000000082b00000, 0x0000000082b00000| Untracked 
|  22|0x0000000082c00000, 0x0000000082c00000, 0x0000000082d00000|  0%| F|  |TAMS 0x0000000082c00000, 0x0000000082c00000| Untracked 
|  23|0x0000000082d00000, 0x0000000082d00000, 0x0000000082e00000|  0%| F|  |TAMS 0x0000000082d00000, 0x0000000082d00000| Untracked 
|  24|0x0000000082e00000, 0x0000000082e00000, 0x0000000082f00000|  0%| F|  |TAMS 0x0000000082e00000, 0x0000000082e00000| Untracked 
|  25|0x0000000082f00000, 0x0000000082f00000, 0x0000000083000000|  0%| F|  |TAMS 0x0000000082f00000, 0x0000000082f00000| Untracked 
|  26|0x0000000083000000, 0x0000000083000000, 0x0000000083100000|  0%| F|  |TAMS 0x0000000083000000, 0x0000000083000000| Untracked 
|  27|0x0000000083100000, 0x0000000083100000, 0x0000000083200000|  0%| F|  |TAMS 0x0000000083100000, 0x0000000083100000| Untracked 
|  28|0x0000000083200000, 0x0000000083200000, 0x0000000083300000|  0%| F|  |TAMS 0x0000000083200000, 0x0000000083200000| Untracked 
|  29|0x0000000083300000, 0x0000000083300000, 0x0000000083400000|  0%| F|  |TAMS 0x0000000083300000, 0x0000000083300000| Untracked 
|  30|0x0000000083400000, 0x0000000083400000, 0x0000000083500000|  0%| F|  |TAMS 0x0000000083400000, 0x0000000083400000| Untracked 
|  31|0x0000000083500000, 0x0000000083500000, 0x0000000083600000|  0%| F|  |TAMS 0x0000000083500000, 0x0000000083500000| Untracked 
|  32|0x0000000083600000, 0x0000000083600000, 0x0000000083700000|  0%| F|  |TAMS 0x0000000083600000, 0x0000000083600000| Untracked 
|  33|0x0000000083700000, 0x0000000083700000, 0x0000000083800000|  0%| F|  |TAMS 0x0000000083700000, 0x0000000083700000| Untracked 
|  34|0x0000000083800000, 0x0000000083800000, 0x0000000083900000|  0%| F|  |TAMS 0x0000000083800000, 0x0000000083800000| Untracked 
|  35|0x0000000083900000, 0x0000000083900000, 0x0000000083a00000|  0%| F|  |TAMS 0x0000000083900000, 0x0000000083900000| Untracked 
|  36|0x0000000083a00000, 0x0000000083a00000, 0x0000000083b00000|  0%| F|  |TAMS 0x0000000083a00000, 0x0000000083a00000| Untracked 
|  37|0x0000000083b00000, 0x0000000083b00000, 0x0000000083c00000|  0%| F|  |TAMS 0x0000000083b00000, 0x0000000083b00000| Untracked 
|  38|0x0000000083c00000, 0x0000000083c00000, 0x0000000083d00000|  0%| F|  |TAMS 0x0000000083c00000, 0x0000000083c00000| Untracked 
|  39|0x0000000083d00000, 0x0000000083d00000, 0x0000000083e00000|  0%| F|  |TAMS 0x0000000083d00000, 0x0000000083d00000| Untracked 
|  40|0x0000000083e00000, 0x0000000083e00000, 0x0000000083f00000|  0%| F|  |TAMS 0x0000000083e00000, 0x0000000083e00000| Untracked 
|  41|0x0000000083f00000, 0x0000000083f00000, 0x0000000084000000|  0%| F|  |TAMS 0x0000000083f00000, 0x0000000083f00000| Untracked 
|  42|0x0000000084000000, 0x0000000084000000, 0x0000000084100000|  0%| F|  |TAMS 0x0000000084000000, 0x0000000084000000| Untracked 
|  43|0x0000000084100000, 0x0000000084100000, 0x0000000084200000|  0%| F|  |TAMS 0x0000000084100000, 0x0000000084100000| Untracked 
|  44|0x0000000084200000, 0x0000000084200000, 0x0000000084300000|  0%| F|  |TAMS 0x0000000084200000, 0x0000000084200000| Untracked 
|  45|0x0000000084300000, 0x0000000084300000, 0x0000000084400000|  0%| F|  |TAMS 0x0000000084300000, 0x0000000084300000| Untracked 
|  46|0x0000000084400000, 0x0000000084400000, 0x0000000084500000|  0%| F|  |TAMS 0x0000000084400000, 0x0000000084400000| Untracked 
|  47|0x0000000084500000, 0x0000000084500000, 0x0000000084600000|  0%| F|  |TAMS 0x0000000084500000, 0x0000000084500000| Untracked 
|  48|0x0000000084600000, 0x0000000084600000, 0x0000000084700000|  0%| F|  |TAMS 0x0000000084600000, 0x0000000084600000| Untracked 
|  49|0x0000000084700000, 0x0000000084700000, 0x0000000084800000|  0%| F|  |TAMS 0x0000000084700000, 0x0000000084700000| Untracked 
|  50|0x0000000084800000, 0x0000000084800000, 0x0000000084900000|  0%| F|  |TAMS 0x0000000084800000, 0x0000000084800000| Untracked 
|  51|0x0000000084900000, 0x0000000084900000, 0x0000000084a00000|  0%| F|  |TAMS 0x0000000084900000, 0x0000000084900000| Untracked 
|  52|0x0000000084a00000, 0x0000000084a00000, 0x0000000084b00000|  0%| F|  |TAMS 0x0000000084a00000, 0x0000000084a00000| Untracked 
|  53|0x0000000084b00000, 0x0000000084b00000, 0x0000000084c00000|  0%| F|  |TAMS 0x0000000084b00000, 0x0000000084b00000| Untracked 
|  54|0x0000000084c00000, 0x0000000084c00000, 0x0000000084d00000|  0%| F|  |TAMS 0x0000000084c00000, 0x0000000084c00000| Untracked 
|  55|0x0000000084d00000, 0x0000000084d00000, 0x0000000084e00000|  0%| F|  |TAMS 0x0000000084d00000, 0x0000000084d00000| Untracked 
|  56|0x0000000084e00000, 0x0000000084e00000, 0x0000000084f00000|  0%| F|  |TAMS 0x0000000084e00000, 0x0000000084e00000| Untracked 
|  57|0x0000000084f00000, 0x0000000084f00000, 0x0000000085000000|  0%| F|  |TAMS 0x0000000084f00000, 0x0000000084f00000| Untracked 
|  58|0x0000000085000000, 0x0000000085000000, 0x0000000085100000|  0%| F|  |TAMS 0x0000000085000000, 0x0000000085000000| Untracked 
|  59|0x0000000085100000, 0x0000000085100000, 0x0000000085200000|  0%| F|  |TAMS 0x0000000085100000, 0x0000000085100000| Untracked 
|  60|0x0000000085200000, 0x0000000085200000, 0x0000000085300000|  0%| F|  |TAMS 0x0000000085200000, 0x0000000085200000| Untracked 
|  61|0x0000000085300000, 0x0000000085300000, 0x0000000085400000|  0%| F|  |TAMS 0x0000000085300000, 0x0000000085300000| Untracked 
|  62|0x0000000085400000, 0x0000000085400000, 0x0000000085500000|  0%| F|  |TAMS 0x0000000085400000, 0x0000000085400000| Untracked 
|  63|0x0000000085500000, 0x0000000085500000, 0x0000000085600000|  0%| F|  |TAMS 0x0000000085500000, 0x0000000085500000| Untracked 
|  64|0x0000000085600000, 0x0000000085600000, 0x0000000085700000|  0%| F|  |TAMS 0x0000000085600000, 0x0000000085600000| Untracked 
|  65|0x0000000085700000, 0x0000000085700000, 0x0000000085800000|  0%| F|  |TAMS 0x0000000085700000, 0x0000000085700000| Untracked 
|  66|0x0000000085800000, 0x0000000085800000, 0x0000000085900000|  0%| F|  |TAMS 0x0000000085800000, 0x0000000085800000| Untracked 
|  67|0x0000000085900000, 0x0000000085900000, 0x0000000085a00000|  0%| F|  |TAMS 0x0000000085900000, 0x0000000085900000| Untracked 
|  68|0x0000000085a00000, 0x0000000085a00000, 0x0000000085b00000|  0%| F|  |TAMS 0x0000000085a00000, 0x0000000085a00000| Untracked 
|  69|0x0000000085b00000, 0x0000000085b00000, 0x0000000085c00000|  0%| F|  |TAMS 0x0000000085b00000, 0x0000000085b00000| Untracked 
|  70|0x0000000085c00000, 0x0000000085c00000, 0x0000000085d00000|  0%| F|  |TAMS 0x0000000085c00000, 0x0000000085c00000| Untracked 
|  71|0x0000000085d00000, 0x0000000085d00000, 0x0000000085e00000|  0%| F|  |TAMS 0x0000000085d00000, 0x0000000085d00000| Untracked 
|  72|0x0000000085e00000, 0x0000000085e00000, 0x0000000085f00000|  0%| F|  |TAMS 0x0000000085e00000, 0x0000000085e00000| Untracked 
|  73|0x0000000085f00000, 0x0000000085f00000, 0x0000000086000000|  0%| F|  |TAMS 0x0000000085f00000, 0x0000000085f00000| Untracked 
|  74|0x0000000086000000, 0x0000000086000000, 0x0000000086100000|  0%| F|  |TAMS 0x0000000086000000, 0x0000000086000000| Untracked 
|  75|0x0000000086100000, 0x0000000086100000, 0x0000000086200000|  0%| F|  |TAMS 0x0000000086100000, 0x0000000086100000| Untracked 
|  76|0x0000000086200000, 0x0000000086200000, 0x0000000086300000|  0%| F|  |TAMS 0x0000000086200000, 0x0000000086200000| Untracked 
|  77|0x0000000086300000, 0x0000000086300000, 0x0000000086400000|  0%| F|  |TAMS 0x0000000086300000, 0x0000000086300000| Untracked 
|  78|0x0000000086400000, 0x0000000086400000, 0x0000000086500000|  0%| F|  |TAMS 0x0000000086400000, 0x0000000086400000| Untracked 
|  79|0x0000000086500000, 0x0000000086500000, 0x0000000086600000|  0%| F|  |TAMS 0x0000000086500000, 0x0000000086500000| Untracked 
|  80|0x0000000086600000, 0x0000000086600000, 0x0000000086700000|  0%| F|  |TAMS 0x0000000086600000, 0x0000000086600000| Untracked 
|  81|0x0000000086700000, 0x0000000086700000, 0x0000000086800000|  0%| F|  |TAMS 0x0000000086700000, 0x0000000086700000| Untracked 
|  82|0x0000000086800000, 0x0000000086800000, 0x0000000086900000|  0%| F|  |TAMS 0x0000000086800000, 0x0000000086800000| Untracked 
|  83|0x0000000086900000, 0x0000000086900000, 0x0000000086a00000|  0%| F|  |TAMS 0x0000000086900000, 0x0000000086900000| Untracked 
|  84|0x0000000086a00000, 0x0000000086a00000, 0x0000000086b00000|  0%| F|  |TAMS 0x0000000086a00000, 0x0000000086a00000| Untracked 
|  85|0x0000000086b00000, 0x0000000086b00000, 0x0000000086c00000|  0%| F|  |TAMS 0x0000000086b00000, 0x0000000086b00000| Untracked 
|  86|0x0000000086c00000, 0x0000000086c00000, 0x0000000086d00000|  0%| F|  |TAMS 0x0000000086c00000, 0x0000000086c00000| Untracked 
|  87|0x0000000086d00000, 0x0000000086d00000, 0x0000000086e00000|  0%| F|  |TAMS 0x0000000086d00000, 0x0000000086d00000| Untracked 
|  88|0x0000000086e00000, 0x0000000086e00000, 0x0000000086f00000|  0%| F|  |TAMS 0x0000000086e00000, 0x0000000086e00000| Untracked 
|  89|0x0000000086f00000, 0x0000000086f00000, 0x0000000087000000|  0%| F|  |TAMS 0x0000000086f00000, 0x0000000086f00000| Untracked 
|  90|0x0000000087000000, 0x0000000087000000, 0x0000000087100000|  0%| F|  |TAMS 0x0000000087000000, 0x0000000087000000| Untracked 
|  91|0x0000000087100000, 0x0000000087100000, 0x0000000087200000|  0%| F|  |TAMS 0x0000000087100000, 0x0000000087100000| Untracked 
|  92|0x0000000087200000, 0x0000000087200000, 0x0000000087300000|  0%| F|  |TAMS 0x0000000087200000, 0x0000000087200000| Untracked 
|  93|0x0000000087300000, 0x0000000087300000, 0x0000000087400000|  0%| F|  |TAMS 0x0000000087300000, 0x0000000087300000| Untracked 
|  94|0x0000000087400000, 0x0000000087400000, 0x0000000087500000|  0%| F|  |TAMS 0x0000000087400000, 0x0000000087400000| Untracked 
|  95|0x0000000087500000, 0x0000000087500000, 0x0000000087600000|  0%| F|  |TAMS 0x0000000087500000, 0x0000000087500000| Untracked 
|  96|0x0000000087600000, 0x0000000087600000, 0x0000000087700000|  0%| F|  |TAMS 0x0000000087600000, 0x0000000087600000| Untracked 
|  97|0x0000000087700000, 0x0000000087700000, 0x0000000087800000|  0%| F|  |TAMS 0x0000000087700000, 0x0000000087700000| Untracked 
|  98|0x0000000087800000, 0x0000000087800000, 0x0000000087900000|  0%| F|  |TAMS 0x0000000087800000, 0x0000000087800000| Untracked 
|  99|0x0000000087900000, 0x0000000087900000, 0x0000000087a00000|  0%| F|  |TAMS 0x0000000087900000, 0x0000000087900000| Untracked 
| 100|0x0000000087a00000, 0x0000000087a00000, 0x0000000087b00000|  0%| F|  |TAMS 0x0000000087a00000, 0x0000000087a00000| Untracked 
| 101|0x0000000087b00000, 0x0000000087b00000, 0x0000000087c00000|  0%| F|  |TAMS 0x0000000087b00000, 0x0000000087b00000| Untracked 
| 102|0x0000000087c00000, 0x0000000087c00000, 0x0000000087d00000|  0%| F|  |TAMS 0x0000000087c00000, 0x0000000087c00000| Untracked 
| 103|0x0000000087d00000, 0x0000000087d00000, 0x0000000087e00000|  0%| F|  |TAMS 0x0000000087d00000, 0x0000000087d00000| Untracked 
| 104|0x0000000087e00000, 0x0000000087e00000, 0x0000000087f00000|  0%| F|  |TAMS 0x0000000087e00000, 0x0000000087e00000| Untracked 
| 105|0x0000000087f00000, 0x0000000087f00000, 0x0000000088000000|  0%| F|  |TAMS 0x0000000087f00000, 0x0000000087f00000| Untracked 
| 106|0x0000000088000000, 0x0000000088000000, 0x0000000088100000|  0%| F|  |TAMS 0x0000000088000000, 0x0000000088000000| Untracked 
| 107|0x0000000088100000, 0x0000000088100000, 0x0000000088200000|  0%| F|  |TAMS 0x0000000088100000, 0x0000000088100000| Untracked 
| 108|0x0000000088200000, 0x0000000088200000, 0x0000000088300000|  0%| F|  |TAMS 0x0000000088200000, 0x0000000088200000| Untracked 
| 109|0x0000000088300000, 0x0000000088300000, 0x0000000088400000|  0%| F|  |TAMS 0x0000000088300000, 0x0000000088300000| Untracked 
| 110|0x0000000088400000, 0x0000000088400000, 0x0000000088500000|  0%| F|  |TAMS 0x0000000088400000, 0x0000000088400000| Untracked 
| 111|0x0000000088500000, 0x0000000088500000, 0x0000000088600000|  0%| F|  |TAMS 0x0000000088500000, 0x0000000088500000| Untracked 
| 112|0x0000000088600000, 0x0000000088600000, 0x0000000088700000|  0%| F|  |TAMS 0x0000000088600000, 0x0000000088600000| Untracked 
| 113|0x0000000088700000, 0x0000000088700000, 0x0000000088800000|  0%| F|  |TAMS 0x0000000088700000, 0x0000000088700000| Untracked 
| 114|0x0000000088800000, 0x0000000088800000, 0x0000000088900000|  0%| F|  |TAMS 0x0000000088800000, 0x0000000088800000| Untracked 
| 115|0x0000000088900000, 0x0000000088900000, 0x0000000088a00000|  0%| F|  |TAMS 0x0000000088900000, 0x0000000088900000| Untracked 
| 116|0x0000000088a00000, 0x0000000088a00000, 0x0000000088b00000|  0%| F|  |TAMS 0x0000000088a00000, 0x0000000088a00000| Untracked 
| 117|0x0000000088b00000, 0x0000000088b00000, 0x0000000088c00000|  0%| F|  |TAMS 0x0000000088b00000, 0x0000000088b00000| Untracked 
| 118|0x0000000088c00000, 0x0000000088c43128, 0x0000000088d00000| 26%| E|  |TAMS 0x0000000088c00000, 0x0000000088c00000| Complete 
| 119|0x0000000088d00000, 0x0000000088e00000, 0x0000000088e00000|100%| E|CS|TAMS 0x0000000088d00000, 0x0000000088d00000| Complete 
| 120|0x0000000088e00000, 0x0000000088f00000, 0x0000000088f00000|100%| E|  |TAMS 0x0000000088e00000, 0x0000000088e00000| Complete 
| 121|0x0000000088f00000, 0x0000000089000000, 0x0000000089000000|100%| E|CS|TAMS 0x0000000088f00000, 0x0000000088f00000| Complete 
| 122|0x0000000089000000, 0x0000000089100000, 0x0000000089100000|100%| E|CS|TAMS 0x0000000089000000, 0x0000000089000000| Complete 
| 123|0x0000000089100000, 0x0000000089200000, 0x0000000089200000|100%| E|CS|TAMS 0x0000000089100000, 0x0000000089100000| Complete 
| 124|0x0000000089200000, 0x0000000089300000, 0x0000000089300000|100%| E|CS|TAMS 0x0000000089200000, 0x0000000089200000| Complete 
| 125|0x0000000089300000, 0x0000000089400000, 0x0000000089400000|100%| E|CS|TAMS 0x0000000089300000, 0x0000000089300000| Complete 
| 126|0x0000000089400000, 0x0000000089500000, 0x0000000089500000|100%| E|CS|TAMS 0x0000000089400000, 0x0000000089400000| Complete 
| 127|0x0000000089500000, 0x0000000089600000, 0x0000000089600000|100%| E|CS|TAMS 0x0000000089500000, 0x0000000089500000| Complete 

Card table byte_map: [0x0000026b98110000,0x0000026b98510000] _byte_map_base: 0x0000026b97d05000

Marking Bits (Prev, Next): (CMBitMap*) 0x0000026bfb513218, (CMBitMap*) 0x0000026bfb513258
 Prev Bits: [0x0000026b98910000, 0x0000026b9a8b8000)
 Next Bits: [0x0000026b9a8c0000, 0x0000026b9c868000)

Polling page: 0x0000026b80000000

Metaspace:

Usage:
  Non-class:      7.87 MB capacity,     7.73 MB ( 98%) used,   115.26 KB (  1%) free+waste,    24.94 KB ( <1%) overhead. 
      Class:      1.14 MB capacity,     1.03 MB ( 90%) used,    98.41 KB (  8%) free+waste,    16.00 KB (  1%) overhead. 
       Both:      9.01 MB capacity,     8.76 MB ( 97%) used,   213.67 KB (  2%) free+waste,    40.94 KB ( <1%) overhead. 

Virtual space:
  Non-class space:        8.00 MB reserved,       8.00 MB (100%) committed 
      Class space:        1.00 GB reserved,       1.25 MB ( <1%) committed 
             Both:        1.01 GB reserved,       9.25 MB ( <1%) committed 

Chunk freelists:
   Non-Class:  9.00 KB
       Class:  13.00 KB
        Both:  22.00 KB

MaxMetaspaceSize: 17179869184.00 GB
CompressedClassSpaceSize: 1.00 GB

CodeHeap 'non-profiled nmethods': size=120000Kb used=281Kb max_used=281Kb free=119718Kb
 bounds [0x0000026b901b0000, 0x0000026b90420000, 0x0000026b976e0000]
CodeHeap 'profiled nmethods': size=120000Kb used=1508Kb max_used=1508Kb free=118491Kb
 bounds [0x0000026b88c80000, 0x0000026b88ef0000, 0x0000026b901b0000]
CodeHeap 'non-nmethods': size=5760Kb used=1291Kb max_used=1309Kb free=4469Kb
 bounds [0x0000026b886e0000, 0x0000026b88950000, 0x0000026b88c80000]
 total_blobs=1918 nmethods=911 adapters=496
 compilation: enabled
              stopped_count=0, restarted_count=0
 full_count=0

Compilation events (20 events):
Event: 1.201 Thread 0x0000026b9f7ec800 nmethod 900 0x0000026b88df2910 code [0x0000026b88df2b00, 0x0000026b88df2f08]
Event: 1.201 Thread 0x0000026b9eec7000  901       4       java.lang.String::indexOf (29 bytes)
Event: 1.202 Thread 0x0000026b9f7ec800  902       3       jdk.internal.org.objectweb.asm.Type::getTypeInternal (199 bytes)
Event: 1.203 Thread 0x0000026b9f7ec800 nmethod 902 0x0000026b88df3110 code [0x0000026b88df3380, 0x0000026b88df4168]
Event: 1.203 Thread 0x0000026b9f7ec800  903       3       jdk.internal.org.objectweb.asm.Type::getDescriptor (90 bytes)
Event: 1.203 Thread 0x0000026b9f7ec800 nmethod 903 0x0000026b88df4590 code [0x0000026b88df4800, 0x0000026b88df5178]
Event: 1.203 Thread 0x0000026b9f7ec800  904       3       jdk.internal.org.objectweb.asm.MethodWriter::visitAbstractType (8 bytes)
Event: 1.204 Thread 0x0000026b9f7ec800 nmethod 904 0x0000026b88df5490 code [0x0000026b88df5620, 0x0000026b88df5778]
Event: 1.204 Thread 0x0000026b9f7ec800  905       3       java.lang.invoke.LambdaForm$Name::internArguments (59 bytes)
Event: 1.204 Thread 0x0000026b9f7ec800 nmethod 905 0x0000026b88df5890 code [0x0000026b88df5a80, 0x0000026b88df61c8]
Event: 1.205 Thread 0x0000026b9eec7000 nmethod 901 0x0000026b901f3890 code [0x0000026b901f3a60, 0x0000026b901f3cf8]
Event: 1.205 Thread 0x0000026b9f7ec800  906       3       java.lang.invoke.LambdaFormBuffer::changeName (149 bytes)
Event: 1.205 Thread 0x0000026b9eec7000  908       4       jdk.internal.org.objectweb.asm.SymbolTable::addConstantUtf8 (98 bytes)
Event: 1.206 Thread 0x0000026b9f7ec800 nmethod 906 0x0000026b88df6390 code [0x0000026b88df6560, 0x0000026b88df6ac8]
Event: 1.206 Thread 0x0000026b9f7ec800  907       3       java.lang.invoke.LambdaFormBuffer::ownedCount (7 bytes)
Event: 1.206 Thread 0x0000026b9f7ec800 nmethod 907 0x0000026b88df6c90 code [0x0000026b88df6e20, 0x0000026b88df6f38]
Event: 1.206 Thread 0x0000026b9f7ec800  909       3       java.lang.invoke.InvokerBytecodeGenerator::emitReferenceCast (192 bytes)
Event: 1.207 Thread 0x0000026b9f7ec800 nmethod 909 0x0000026b88df7010 code [0x0000026b88df72e0, 0x0000026b88df8268]
Event: 1.207 Thread 0x0000026b9f7ec800  910       3       jdk.internal.org.objectweb.asm.Label::resolve (219 bytes)
Event: 1.208 Thread 0x0000026b9f7ec800 nmethod 910 0x0000026b88df8690 code [0x0000026b88df8860, 0x0000026b88df8db8]

GC Heap History (0 events):
No events

Deoptimization events (20 events):
Event: 0.725 Thread 0x0000026b9fb74800 Uncommon trap: trap_request=0xffffffde fr.pc=0x0000026b901c5214 relative=0x0000000000000894
Event: 0.725 Thread 0x0000026b9fb74800 Uncommon trap: reason=class_check action=maybe_recompile pc=0x0000026b901c5214 method=java.util.HashMap.putVal(ILjava/lang/Object;Ljava/lang/Object;ZZ)Ljava/lang/Object; @ 152 c2
Event: 0.725 Thread 0x0000026b9fb74800 DEOPT PACKING pc=0x0000026b901c5214 sp=0x000000910b3fe350
Event: 0.725 Thread 0x0000026b9fb74800 DEOPT UNPACKING pc=0x0000026b8872912f sp=0x000000910b3fe2d0 mode 2
Event: 0.863 Thread 0x0000026b9fb74800 Uncommon trap: trap_request=0xffffff45 fr.pc=0x0000026b901dc3d8 relative=0x00000000000009d8
Event: 0.863 Thread 0x0000026b9fb74800 Uncommon trap: reason=unstable_if action=reinterpret pc=0x0000026b901dc3d8 method=java.util.HashMap.putVal(ILjava/lang/Object;Ljava/lang/Object;ZZ)Ljava/lang/Object; @ 181 c2
Event: 0.863 Thread 0x0000026b9fb74800 DEOPT PACKING pc=0x0000026b901dc3d8 sp=0x000000910b3fd470
Event: 0.863 Thread 0x0000026b9fb74800 DEOPT UNPACKING pc=0x0000026b8872912f sp=0x000000910b3fd410 mode 2
Event: 1.115 Thread 0x0000026b9fb74800 Uncommon trap: trap_request=0xffffffde fr.pc=0x0000026b901eb9d0 relative=0x0000000000000330
Event: 1.115 Thread 0x0000026b9fb74800 Uncommon trap: reason=class_check action=maybe_recompile pc=0x0000026b901eb9d0 method=java.util.HashMap.getNode(ILjava/lang/Object;)Ljava/util/HashMap$Node; @ 59 c2
Event: 1.115 Thread 0x0000026b9fb74800 DEOPT PACKING pc=0x0000026b901eb9d0 sp=0x000000910b3fe320
Event: 1.115 Thread 0x0000026b9fb74800 DEOPT UNPACKING pc=0x0000026b8872912f sp=0x000000910b3fe298 mode 2
Event: 1.115 Thread 0x0000026b9fb74800 Uncommon trap: trap_request=0xffffffde fr.pc=0x0000026b901eb9d0 relative=0x0000000000000330
Event: 1.115 Thread 0x0000026b9fb74800 Uncommon trap: reason=class_check action=maybe_recompile pc=0x0000026b901eb9d0 method=java.util.HashMap.getNode(ILjava/lang/Object;)Ljava/util/HashMap$Node; @ 59 c2
Event: 1.115 Thread 0x0000026b9fb74800 DEOPT PACKING pc=0x0000026b901eb9d0 sp=0x000000910b3fe320
Event: 1.115 Thread 0x0000026b9fb74800 DEOPT UNPACKING pc=0x0000026b8872912f sp=0x000000910b3fe298 mode 2
Event: 1.115 Thread 0x0000026b9fb74800 Uncommon trap: trap_request=0xffffffde fr.pc=0x0000026b901eb9d0 relative=0x0000000000000330
Event: 1.115 Thread 0x0000026b9fb74800 Uncommon trap: reason=class_check action=maybe_recompile pc=0x0000026b901eb9d0 method=java.util.HashMap.getNode(ILjava/lang/Object;)Ljava/util/HashMap$Node; @ 59 c2
Event: 1.115 Thread 0x0000026b9fb74800 DEOPT PACKING pc=0x0000026b901eb9d0 sp=0x000000910b3fe320
Event: 1.115 Thread 0x0000026b9fb74800 DEOPT UNPACKING pc=0x0000026b8872912f sp=0x000000910b3fe298 mode 2

Classes unloaded (0 events):
No events

Classes redefined (0 events):
No events

Internal exceptions (20 events):
Event: 0.307 Thread 0x0000026bfb4cd000 Exception <a 'java/lang/NoSuchMethodError'{0x00000000894a3f28}: 'void java.lang.invoke.DirectMethodHandle$Holder.invokeSpecial(java.lang.Object, java.lang.Object, java.lang.Object, java.lang.Object)'> (0x00000000894a3f28) 
thrown [./open/src/hotspot/share/interpreter/linkResolver.cpp, line 766]
Event: 0.386 Thread 0x0000026bfb4cd000 Exception <a 'java/lang/ClassNotFoundException'{0x0000000089323a08}: sun/awt/resources/spi/awtProvider> (0x0000000089323a08) 
thrown [./open/src/hotspot/share/classfile/systemDictionary.cpp, line 226]
Event: 0.449 Thread 0x0000026bfb4cd000 Exception <a 'java/io/FileNotFoundException'{0x0000000089374868}> (0x0000000089374868) 
thrown [./open/src/hotspot/share/prims/jni.cpp, line 599]
Event: 0.461 Thread 0x0000026bfb4cd000 Exception <a 'java/io/FileNotFoundException'{0x000000008939b140}> (0x000000008939b140) 
thrown [./open/src/hotspot/share/prims/jni.cpp, line 599]
Event: 0.474 Thread 0x0000026bfb4cd000 Exception <a 'sun/nio/fs/WindowsException'{0x00000000893a9328}> (0x00000000893a9328) 
thrown [./open/src/hotspot/share/prims/jni.cpp, line 599]
Event: 0.557 Thread 0x0000026b9fb23800 Exception <a 'java/lang/NoSuchMethodError'{0x0000000089204f20}: 'void java.lang.invoke.DirectMethodHandle$Holder.invokeSpecial(java.lang.Object, java.lang.Object)'> (0x0000000089204f20) 
thrown [./open/src/hotspot/share/interpreter/linkResolver.cpp, line 766]
Event: 0.663 Thread 0x0000026b9fb74800 Exception <a 'java/lang/NoSuchMethodError'{0x0000000089112b68}: 'java.lang.Object java.lang.invoke.DirectMethodHandle$Holder.invokeStatic(java.lang.Object, int, java.lang.Object, java.lang.Object, java.lang.Object, java.lang.Object)'> (0x0000000089112b68) 
thrown [./open/src/hotspot/share/interpreter/linkResolver.cpp, line 766]
Event: 0.664 Thread 0x0000026b9fb74800 Exception <a 'java/lang/NoSuchMethodError'{0x0000000089119488}: 'java.lang.Object java.lang.invoke.DirectMethodHandle$Holder.invokeStatic(java.lang.Object, int, java.lang.Object, java.lang.Object, java.lang.Object)'> (0x0000000089119488) 
thrown [./open/src/hotspot/share/interpreter/linkResolver.cpp, line 766]
Event: 0.665 Thread 0x0000026b9fb74800 Exception <a 'java/lang/NoSuchMethodError'{0x000000008911ccd8}: 'java.lang.Object java.lang.invoke.DirectMethodHandle$Holder.invokeSpecial(java.lang.Object, java.lang.Object, int, java.lang.Object, java.lang.Object, java.lang.Object)'> (0x000000008911ccd8) 
thrown [./open/src/hotspot/share/interpreter/linkResolver.cpp, line 766]
Event: 0.673 Thread 0x0000026b9fb74800 Exception <a 'java/lang/NoSuchMethodError'{0x0000000089133080}: 'java.lang.Object java.lang.invoke.DirectMethodHandle$Holder.invokeStatic(java.lang.Object, int, java.lang.Object)'> (0x0000000089133080) 
thrown [./open/src/hotspot/share/interpreter/linkResolver.cpp, line 766]
Event: 0.724 Thread 0x0000026b9fb74800 Exception <a 'java/lang/ClassNotFoundException'{0x00000000891d7300}: com/sun/swing/internal/plaf/metal/resources/spi/metalProvider> (0x00000000891d7300) 
thrown [./open/src/hotspot/share/classfile/systemDictionary.cpp, line 226]
Event: 0.726 Thread 0x0000026b9fb74800 Exception <a 'java/lang/ClassNotFoundException'{0x00000000891dbf70}: com/sun/swing/internal/plaf/basic/resources/spi/basicProvider> (0x00000000891dbf70) 
thrown [./open/src/hotspot/share/classfile/systemDictionary.cpp, line 226]
Event: 0.872 Thread 0x0000026b9fb74800 Exception <a 'java/lang/NoSuchMethodError'{0x0000000088fae920}: 'java.lang.Object java.lang.invoke.DirectMethodHandle$Holder.invokeStaticInit(java.lang.Object, int, int, int, int)'> (0x0000000088fae920) 
thrown [./open/src/hotspot/share/interpreter/linkResolver.cpp, line 766]
Event: 0.942 Thread 0x0000026b9fb74800 Exception <a 'java/lang/NoSuchMethodError'{0x0000000088fec148}: 'java.lang.Object java.lang.invoke.DirectMethodHandle$Holder.invokeStaticInit(java.lang.Object, java.lang.Object, int, int, int, int)'> (0x0000000088fec148) 
thrown [./open/src/hotspot/share/interpreter/linkResolver.cpp, line 766]
Event: 0.952 Thread 0x0000026b9fb74800 Exception <a 'java/lang/NullPointerException'{0x0000000088ff4e08}> (0x0000000088ff4e08) 
thrown [./open/src/hotspot/share/interpreter/linkResolver.cpp, line 1348]
Event: 0.980 Thread 0x0000026b9fb74800 Exception <a 'java/io/FileNotFoundException'{0x0000000088e05938}> (0x0000000088e05938) 
thrown [./open/src/hotspot/share/prims/jni.cpp, line 599]
Event: 0.980 Thread 0x0000026b9fb74800 Exception <a 'java/lang/NullPointerException'{0x0000000088e06228}> (0x0000000088e06228) 
thrown [./open/src/hotspot/share/interpreter/linkResolver.cpp, line 1348]
Event: 1.046 Thread 0x0000026b9fb74800 Exception <a 'java/lang/NoSuchMethodError'{0x0000000088e666a8}: static Lsrc/Score;.<clinit>()V> (0x0000000088e666a8) 
thrown [./open/src/hotspot/share/prims/jni.cpp, line 1348]
Event: 1.193 Thread 0x0000026b9fb74800 Exception <a 'java/lang/NoSuchMethodError'{0x0000000088ddb550}: 'void java.lang.invoke.DirectMethodHandle$Holder.invokeStaticInit(java.lang.Object)'> (0x0000000088ddb550) 
thrown [./open/src/hotspot/share/interpreter/linkResolver.cpp, line 766]
Event: 1.209 Thread 0x0000026b9fb74800 Exception <a 'java/lang/NoSuchMethodError'{0x0000000088c05ec0}: 'java.lang.Object java.lang.invoke.Invokers$Holder.linkToTargetMethod(java.lang.Object, int, java.lang.Object)'> (0x0000000088c05ec0) 
thrown [./open/src/hotspot/share/interpreter/linkResolver.cpp, line 766]

Events (20 events):
Event: 1.197 loading class sun/awt/AWTCharset done
Event: 1.197 loading class sun/awt/windows/WDefaultFontCharset done
Event: 1.198 loading class sun/awt/windows/WDefaultFontCharset$Encoder
Event: 1.198 loading class sun/awt/AWTCharset$Encoder
Event: 1.198 loading class sun/awt/AWTCharset$Encoder done
Event: 1.198 loading class sun/awt/windows/WDefaultFontCharset$Encoder done
Event: 1.199 loading class sun/awt/windows/WingDings
Event: 1.199 loading class sun/awt/windows/WingDings done
Event: 1.199 loading class sun/awt/windows/WingDings$Encoder
Event: 1.199 loading class sun/awt/windows/WingDings$Encoder done
Event: 1.199 loading class sun/awt/Symbol
Event: 1.199 loading class sun/awt/Symbol done
Event: 1.199 loading class sun/awt/Symbol$Encoder
Event: 1.199 loading class sun/awt/Symbol$Encoder done
Event: 1.200 Executing VM operation: HandshakeOneThread
Event: 1.200 Executing VM operation: HandshakeOneThread done
Event: 1.200 Executing VM operation: HandshakeOneThread
Event: 1.200 Executing VM operation: HandshakeOneThread done
Event: 1.208 Executing VM operation: HandshakeOneThread
Event: 1.208 Executing VM operation: HandshakeOneThread done


Dynamic libraries:
0x00007ff7a0f80000 - 0x00007ff7a0f8d000 	C:\Program Files\Java\jdk-14.0.1\bin\javaw.exe
0x00007ffda54e0000 - 0x00007ffda56d0000 	C:\WINDOWS\SYSTEM32\ntdll.dll
0x00007ffda3850000 - 0x00007ffda3902000 	C:\WINDOWS\System32\KERNEL32.DLL
0x00007ffda2460000 - 0x00007ffda2704000 	C:\WINDOWS\System32\KERNELBASE.dll
0x00007ffda2fb0000 - 0x00007ffda30aa000 	C:\WINDOWS\System32\ucrtbase.dll
0x00007ffd7bc10000 - 0x00007ffd7bc28000 	C:\Program Files\Java\jdk-14.0.1\bin\jli.dll
0x00007ffda42e0000 - 0x00007ffda4474000 	C:\WINDOWS\System32\USER32.dll
0x00007ffda2710000 - 0x00007ffda2731000 	C:\WINDOWS\System32\win32u.dll
0x00007ffda52d0000 - 0x00007ffda52f6000 	C:\WINDOWS\System32\GDI32.dll
0x00007ffda33c0000 - 0x00007ffda3556000 	C:\WINDOWS\System32\gdi32full.dll
0x00007ffda31b0000 - 0x00007ffda324e000 	C:\WINDOWS\System32\msvcp_win.dll
0x00007ffd79240000 - 0x00007ffd79255000 	C:\Program Files\Java\jdk-14.0.1\bin\VCRUNTIME140.dll
0x00007ffd8ab30000 - 0x00007ffd8adb4000 	C:\WINDOWS\WinSxS\amd64_microsoft.windows.common-controls_6595b64144ccf1df_6.0.18362.959_none_e6c7bbbf130c62bb\COMCTL32.dll
0x00007ffda5160000 - 0x00007ffda51fe000 	C:\WINDOWS\System32\msvcrt.dll
0x00007ffda3910000 - 0x00007ffda3c45000 	C:\WINDOWS\System32\combase.dll
0x00007ffda3e80000 - 0x00007ffda3fa0000 	C:\WINDOWS\System32\RPCRT4.dll
0x00007ffda2740000 - 0x00007ffda27c0000 	C:\WINDOWS\System32\bcryptPrimitives.dll
0x00007ffda41e0000 - 0x00007ffda420e000 	C:\WINDOWS\System32\IMM32.DLL
0x00007ffd6cf80000 - 0x00007ffd6d01b000 	C:\Program Files\Java\jdk-14.0.1\bin\msvcp140.dll
0x00007ffd2bec0000 - 0x00007ffd2c9de000 	C:\Program Files\Java\jdk-14.0.1\bin\server\jvm.dll
0x00007ffda3fa0000 - 0x00007ffda4043000 	C:\WINDOWS\System32\ADVAPI32.dll
0x00007ffda5310000 - 0x00007ffda53a7000 	C:\WINDOWS\System32\sechost.dll
0x00007ffda5300000 - 0x00007ffda5308000 	C:\WINDOWS\System32\PSAPI.DLL
0x00007ffd8dd00000 - 0x00007ffd8dd09000 	C:\WINDOWS\SYSTEM32\WSOCK32.dll
0x00007ffda4950000 - 0x00007ffda49bf000 	C:\WINDOWS\System32\WS2_32.dll
0x00007ffd9fd00000 - 0x00007ffd9fd24000 	C:\WINDOWS\SYSTEM32\WINMM.dll
0x00007ffd98570000 - 0x00007ffd9857a000 	C:\WINDOWS\SYSTEM32\VERSION.dll
0x00007ffd9f960000 - 0x00007ffd9f98d000 	C:\WINDOWS\SYSTEM32\winmmbase.dll
0x00007ffda30b0000 - 0x00007ffda30fa000 	C:\WINDOWS\System32\cfgmgr32.dll
0x00007ffda23a0000 - 0x00007ffda23b1000 	C:\WINDOWS\System32\kernel.appcore.dll
0x00007ffd9b540000 - 0x00007ffd9b54a000 	C:\Program Files\Java\jdk-14.0.1\bin\jimage.dll
0x00007ffda0c70000 - 0x00007ffda0e64000 	C:\WINDOWS\SYSTEM32\DBGHELP.DLL
0x00007ffd96230000 - 0x00007ffd9625a000 	C:\WINDOWS\SYSTEM32\dbgcore.DLL
0x00007ffd91c40000 - 0x00007ffd91c65000 	C:\Program Files\Java\jdk-14.0.1\bin\java.dll
0x00007ffd96110000 - 0x00007ffd96126000 	C:\Program Files\Java\jdk-14.0.1\bin\zip.dll
0x00007ffda49c0000 - 0x00007ffda50a6000 	C:\WINDOWS\System32\SHELL32.dll
0x00007ffda50b0000 - 0x00007ffda5159000 	C:\WINDOWS\System32\shcore.dll
0x00007ffda27c0000 - 0x00007ffda2f42000 	C:\WINDOWS\System32\windows.storage.dll
0x00007ffda2430000 - 0x00007ffda2453000 	C:\WINDOWS\System32\profapi.dll
0x00007ffda23c0000 - 0x00007ffda240a000 	C:\WINDOWS\System32\powrprof.dll
0x00007ffda2390000 - 0x00007ffda23a0000 	C:\WINDOWS\System32\UMPDC.dll
0x00007ffda5440000 - 0x00007ffda5492000 	C:\WINDOWS\System32\shlwapi.dll
0x00007ffda3250000 - 0x00007ffda3267000 	C:\WINDOWS\System32\cryptsp.dll
0x00007ffd8ba60000 - 0x00007ffd8ba79000 	C:\Program Files\Java\jdk-14.0.1\bin\net.dll
0x00007ffd90cf0000 - 0x00007ffd90de0000 	C:\WINDOWS\SYSTEM32\WINHTTP.dll
0x00007ffda1c00000 - 0x00007ffda1c67000 	C:\WINDOWS\system32\mswsock.dll
0x00007ffd88eb0000 - 0x00007ffd88ec2000 	C:\Program Files\Java\jdk-14.0.1\bin\nio.dll
0x00007ffd5d530000 - 0x00007ffd5d6c7000 	C:\Program Files\Java\jdk-14.0.1\bin\awt.dll
0x00007ffda5200000 - 0x00007ffda52c5000 	C:\WINDOWS\System32\OLEAUT32.dll
0x00007ffd9ff30000 - 0x00007ffd9ffbf000 	C:\WINDOWS\SYSTEM32\apphelp.dll
0x00007ffda0030000 - 0x00007ffda00c9000 	C:\WINDOWS\system32\uxtheme.dll
0x00007ffda3590000 - 0x00007ffda36c5000 	C:\WINDOWS\System32\MSCTF.dll
0x00007ffda36f0000 - 0x00007ffda3847000 	C:\WINDOWS\System32\ole32.dll
0x00007ffda0460000 - 0x00007ffda048d000 	C:\WINDOWS\system32\DWMAPI.DLL
0x00007ffd7dec0000 - 0x00007ffd7e016000 	C:\WINDOWS\system32\opengl32.dll
0x00007ffd7e700000 - 0x00007ffd7e72c000 	C:\WINDOWS\SYSTEM32\GLU32.dll
0x00007ffda1000000 - 0x00007ffda1020000 	C:\WINDOWS\SYSTEM32\dxcore.dll
0x00007ffda1710000 - 0x00007ffda1743000 	C:\WINDOWS\system32\rsaenh.dll
0x00007ffda3560000 - 0x00007ffda3586000 	C:\WINDOWS\System32\bcrypt.dll
0x00007ffda22b0000 - 0x00007ffda22d5000 	C:\WINDOWS\SYSTEM32\USERENV.dll
0x00007ffda1dd0000 - 0x00007ffda1ddc000 	C:\WINDOWS\SYSTEM32\CRYPTBASE.dll
0x00007ffda18b0000 - 0x00007ffda18ea000 	C:\WINDOWS\SYSTEM32\IPHLPAPI.DLL
0x00007ffda53b0000 - 0x00007ffda53b8000 	C:\WINDOWS\System32\NSI.dll
0x00007ffd96210000 - 0x00007ffd96226000 	C:\WINDOWS\SYSTEM32\dhcpcsvc6.DLL
0x00007ffd96a80000 - 0x00007ffd96a9c000 	C:\WINDOWS\SYSTEM32\dhcpcsvc.DLL
0x00007ffda18f0000 - 0x00007ffda19bb000 	C:\WINDOWS\SYSTEM32\DNSAPI.dll
0x00007ffd75590000 - 0x00007ffd75612000 	C:\Program Files\Java\jdk-14.0.1\bin\freetype.dll
0x00007ffd6ede0000 - 0x00007ffd6ee86000 	C:\Program Files\Java\jdk-14.0.1\bin\fontmanager.dll

dbghelp: loaded successfully - version: 4.0.5 - missing functions: none
symbol engine: initialized successfully - sym options: 0x614 - pdb path: .;C:\Program Files\Java\jdk-14.0.1\bin;C:\WINDOWS\SYSTEM32;C:\WINDOWS\WinSxS\amd64_microsoft.windows.common-controls_6595b64144ccf1df_6.0.18362.959_none_e6c7bbbf130c62bb;C:\Program Files\Java\jdk-14.0.1\bin\server

VM Arguments:
jvm_args: -Dfile.encoding=UTF-8 --module-path=C:\Users\18t304\eclipse-workspace\object_school_love\bin -Djdk.module.main=object_school_love 
java_command: object_school_love/src.Main
java_class_path (initial): <not set>
Launcher Type: SUN_STANDARD

[Global flags]
     intx CICompilerCount                          = 3                                         {product} {ergonomic}
     uint ConcGCThreads                            = 1                                         {product} {ergonomic}
     uint G1ConcRefinementThreads                  = 4                                         {product} {ergonomic}
   size_t G1HeapRegionSize                         = 1048576                                   {product} {ergonomic}
    uintx GCDrainStackTargetSize                   = 64                                        {product} {ergonomic}
   size_t InitialHeapSize                          = 134217728                                 {product} {ergonomic}
   size_t MarkStackSize                            = 4194304                                   {product} {ergonomic}
   size_t MaxHeapSize                              = 2124414976                                {product} {ergonomic}
   size_t MaxNewSize                               = 1274019840                                {product} {ergonomic}
   size_t MinHeapDeltaBytes                        = 1048576                                   {product} {ergonomic}
   size_t MinHeapSize                              = 8388608                                   {product} {ergonomic}
    uintx NonNMethodCodeHeapSize                   = 5832780                                {pd product} {ergonomic}
    uintx NonProfiledCodeHeapSize                  = 122912730                              {pd product} {ergonomic}
    uintx ProfiledCodeHeapSize                     = 122912730                              {pd product} {ergonomic}
    uintx ReservedCodeCacheSize                    = 251658240                              {pd product} {ergonomic}
     bool SegmentedCodeCache                       = true                                      {product} {ergonomic}
   size_t SoftMaxHeapSize                          = 2124414976                             {manageable} {ergonomic}
     bool UseCompressedClassPointers               = true                                 {lp64_product} {ergonomic}
     bool UseCompressedOops                        = true                                 {lp64_product} {ergonomic}
     bool UseG1GC                                  = true                                      {product} {ergonomic}
     bool UseLargePagesIndividualAllocation        = false                                  {pd product} {ergonomic}

Logging:
Log output configuration:
 #0: stdout all=warning uptime,level,tags
 #1: stderr all=off uptime,level,tags

Environment Variables:
JAVA_HOME=C:\Program Files\Java\jdk-14.0.1
PATH=C:/Program Files/Java/jdk-14.0.1/bin/server;C:/Program Files/Java/jdk-14.0.1/bin;C:\Program Files (x86)\Intel\iCLS Client\;C:\Program Files\Intel\iCLS Client\;C:\WINDOWS\system32;C:\WINDOWS;C:\WINDOWS\System32\Wbem;C:\WINDOWS\System32\WindowsPowerShell\v1.0\;C:\Program Files (x86)\Intel\Intel(R) Management Engine Components\DAL;C:\Program Files\Intel\Intel(R) Management Engine Components\DAL;C:\Program Files (x86)\Intel\Intel(R) Management Engine Components\IPT;C:\Program Files\Intel\Intel(R) Management Engine Components\IPT;c:\Program Files (x86)\Symantec\VIP Access Client\;C:\Program Files\Intel\WiFi\bin\;C:\Program Files\Common Files\Intel\WirelessCommon\;C:\WINDOWS\System32\OpenSSH\;C:\Program Files\dotnet\;C:\Program Files\nodejs\;C:\Program Files\Java\jdk-14.0.1\bin;C:\Gradle\gradle-6.3\bin;C:\Program Files\Git\cmd;C:\Users\18t304\AppData\Local\Programs\Python\Python37\Scripts\;C:\Users\18t304\AppData\Local\Programs\Python\Python37\;C:\Users\18t304\AppData\Local\Microsoft\WindowsApps;C:\Users\18t304\AppData\Local\Programs\Microsoft VS Code\bin;C:\Users\18t304\AppData\Roaming\npm;C:\Users\18t304\AppData\Local\atom\bin;C:\Program Files\ffmpeg-20200802-b48397e-win64-static\bin;;C:\eclipse;
USERNAME=18t304
OS=Windows_NT
PROCESSOR_IDENTIFIER=Intel64 Family 6 Model 142 Stepping 9, GenuineIntel



---------------  S Y S T E M  ---------------

OS: Windows 10 , 64 bit Build 18362 (10.0.18362.959)
OS uptime: 3 days 15:28 hours

CPU:total 4 (initial active 4) (2 cores per cpu, 2 threads per core) family 6 model 142 stepping 9, cmov, cx8, fxsr, mmx, sse, sse2, sse3, ssse3, sse4.1, sse4.2, popcnt, avx, avx2, aes, clmul, erms, 3dnowpref, lzcnt, ht, tsc, tscinvbit, bmi1, bmi2, adx, fma

Memory: 4k page, system-wide physical 8100M (1491M free)
TotalPageFile size 17316M (AvailPageFile size 7393M)
current process WorkingSet (physical memory assigned to process): 61M, peak: 61M
current process commit charge ("private bytes"): 217M, peak: 217M

vm_info: OpenJDK 64-Bit Server VM (14.0.1+7) for windows-amd64 JRE (14.0.1+7), built on Mar  5 2020 10:30:04 by "mach5one" with MS VC++ 15.9 (VS2017)

END.
